[2022-04-12 12:07:55Z INFO HostContext] No proxy settings were found based on environmental variables (http_proxy/https_proxy/HTTP_PROXY/HTTPS_PROXY)
[2022-04-12 12:07:55Z INFO HostContext] Well known directory 'Bin': '/Users/dhartl/Documents/Apps/uni/k3s-dashboard/actions-runner-dashboard/bin.2.289.1'
[2022-04-12 12:07:55Z INFO HostContext] Well known directory 'Root': '/Users/dhartl/Documents/Apps/uni/k3s-dashboard/actions-runner-dashboard'
[2022-04-12 12:07:55Z INFO HostContext] Well known config file 'Credentials': '/Users/dhartl/Documents/Apps/uni/k3s-dashboard/actions-runner-dashboard/.credentials'
[2022-04-12 12:07:56Z INFO HostContext] Well known directory 'Bin': '/Users/dhartl/Documents/Apps/uni/k3s-dashboard/actions-runner-dashboard/bin.2.289.1'
[2022-04-12 12:07:56Z INFO HostContext] Well known directory 'Root': '/Users/dhartl/Documents/Apps/uni/k3s-dashboard/actions-runner-dashboard'
[2022-04-12 12:07:56Z INFO HostContext] Well known config file 'Runner': '/Users/dhartl/Documents/Apps/uni/k3s-dashboard/actions-runner-dashboard/.runner'
[2022-04-12 12:07:56Z INFO Listener] Runner is built for OSX (X64) - osx-x64.
[2022-04-12 12:07:56Z INFO Listener] RuntimeInformation: Darwin 21.3.0 Darwin Kernel Version 21.3.0: Wed Jan  5 21:37:58 PST 2022; root:xnu-8019.80.24~20/RELEASE_ARM64_T8101.
[2022-04-12 12:07:56Z INFO Listener] Version: 2.289.1
[2022-04-12 12:07:56Z INFO Listener] Commit: b3b97b73282e89e1d3247a54156e5dca39a57a45
[2022-04-12 12:07:56Z INFO Listener] Culture: en-GB
[2022-04-12 12:07:56Z INFO Listener] UI Culture: en-GB
[2022-04-12 12:07:56Z INFO HostContext] Well known directory 'Bin': '/Users/dhartl/Documents/Apps/uni/k3s-dashboard/actions-runner-dashboard/bin.2.289.1'
[2022-04-12 12:07:56Z INFO HostContext] Well known directory 'Root': '/Users/dhartl/Documents/Apps/uni/k3s-dashboard/actions-runner-dashboard'
[2022-04-12 12:07:56Z INFO Listener] Validating directory permissions for: '/Users/dhartl/Documents/Apps/uni/k3s-dashboard/actions-runner-dashboard'
[2022-04-12 12:07:56Z INFO CommandLineParser] Parse
[2022-04-12 12:07:56Z INFO CommandLineParser] Parsing 1 args
[2022-04-12 12:07:56Z INFO CommandLineParser] parsing argument
[2022-04-12 12:07:56Z INFO CommandLineParser] HasArgs: False
[2022-04-12 12:07:56Z INFO CommandLineParser] Adding Command: run
[2022-04-12 12:07:56Z INFO Listener] Arguments parsed
[2022-04-12 12:07:56Z INFO Runner] ExecuteCommand
[2022-04-12 12:07:56Z INFO ConfigurationStore] currentAssemblyLocation: /Users/dhartl/Documents/Apps/uni/k3s-dashboard/actions-runner-dashboard/bin.2.289.1/Runner.Listener.dll
[2022-04-12 12:07:56Z INFO HostContext] Well known directory 'Bin': '/Users/dhartl/Documents/Apps/uni/k3s-dashboard/actions-runner-dashboard/bin.2.289.1'
[2022-04-12 12:07:56Z INFO ConfigurationStore] binPath: /Users/dhartl/Documents/Apps/uni/k3s-dashboard/actions-runner-dashboard/bin.2.289.1
[2022-04-12 12:07:56Z INFO HostContext] Well known directory 'Bin': '/Users/dhartl/Documents/Apps/uni/k3s-dashboard/actions-runner-dashboard/bin.2.289.1'
[2022-04-12 12:07:56Z INFO HostContext] Well known directory 'Root': '/Users/dhartl/Documents/Apps/uni/k3s-dashboard/actions-runner-dashboard'
[2022-04-12 12:07:56Z INFO ConfigurationStore] RootFolder: /Users/dhartl/Documents/Apps/uni/k3s-dashboard/actions-runner-dashboard
[2022-04-12 12:07:56Z INFO HostContext] Well known directory 'Bin': '/Users/dhartl/Documents/Apps/uni/k3s-dashboard/actions-runner-dashboard/bin.2.289.1'
[2022-04-12 12:07:56Z INFO HostContext] Well known directory 'Root': '/Users/dhartl/Documents/Apps/uni/k3s-dashboard/actions-runner-dashboard'
[2022-04-12 12:07:56Z INFO HostContext] Well known config file 'Runner': '/Users/dhartl/Documents/Apps/uni/k3s-dashboard/actions-runner-dashboard/.runner'
[2022-04-12 12:07:56Z INFO ConfigurationStore] ConfigFilePath: /Users/dhartl/Documents/Apps/uni/k3s-dashboard/actions-runner-dashboard/.runner
[2022-04-12 12:07:56Z INFO HostContext] Well known directory 'Bin': '/Users/dhartl/Documents/Apps/uni/k3s-dashboard/actions-runner-dashboard/bin.2.289.1'
[2022-04-12 12:07:56Z INFO HostContext] Well known directory 'Root': '/Users/dhartl/Documents/Apps/uni/k3s-dashboard/actions-runner-dashboard'
[2022-04-12 12:07:56Z INFO HostContext] Well known config file 'Credentials': '/Users/dhartl/Documents/Apps/uni/k3s-dashboard/actions-runner-dashboard/.credentials'
[2022-04-12 12:07:56Z INFO ConfigurationStore] CredFilePath: /Users/dhartl/Documents/Apps/uni/k3s-dashboard/actions-runner-dashboard/.credentials
[2022-04-12 12:07:56Z INFO HostContext] Well known directory 'Bin': '/Users/dhartl/Documents/Apps/uni/k3s-dashboard/actions-runner-dashboard/bin.2.289.1'
[2022-04-12 12:07:56Z INFO HostContext] Well known directory 'Root': '/Users/dhartl/Documents/Apps/uni/k3s-dashboard/actions-runner-dashboard'
[2022-04-12 12:07:56Z INFO HostContext] Well known config file 'MigratedCredentials': '/Users/dhartl/Documents/Apps/uni/k3s-dashboard/actions-runner-dashboard/.credentials_migrated'
[2022-04-12 12:07:56Z INFO ConfigurationStore] MigratedCredFilePath: /Users/dhartl/Documents/Apps/uni/k3s-dashboard/actions-runner-dashboard/.credentials_migrated
[2022-04-12 12:07:56Z INFO HostContext] Well known directory 'Bin': '/Users/dhartl/Documents/Apps/uni/k3s-dashboard/actions-runner-dashboard/bin.2.289.1'
[2022-04-12 12:07:56Z INFO HostContext] Well known directory 'Root': '/Users/dhartl/Documents/Apps/uni/k3s-dashboard/actions-runner-dashboard'
[2022-04-12 12:07:56Z INFO HostContext] Well known config file 'Service': '/Users/dhartl/Documents/Apps/uni/k3s-dashboard/actions-runner-dashboard/.service'
[2022-04-12 12:07:56Z INFO ConfigurationStore] ServiceConfigFilePath: /Users/dhartl/Documents/Apps/uni/k3s-dashboard/actions-runner-dashboard/.service
[2022-04-12 12:07:56Z INFO CommandSettings] Flag 'help': 'False'
[2022-04-12 12:07:56Z INFO CommandSettings] Flag 'version': 'False'
[2022-04-12 12:07:56Z INFO CommandSettings] Flag 'commit': 'False'
[2022-04-12 12:07:56Z INFO CommandSettings] Flag 'check': 'False'
[2022-04-12 12:07:56Z INFO CommandSettings] Command 'configure': 'False'
[2022-04-12 12:07:56Z INFO CommandSettings] Command 'remove': 'False'
[2022-04-12 12:07:56Z INFO CommandSettings] Command 'warmup': 'False'
[2022-04-12 12:07:56Z INFO ConfigurationManager] LoadSettings
[2022-04-12 12:07:56Z INFO ConfigurationStore] IsConfigured()
[2022-04-12 12:07:56Z INFO ConfigurationStore] IsConfigured: True
[2022-04-12 12:07:56Z INFO ConfigurationManager] Is configured: True
[2022-04-12 12:07:56Z INFO ConfigurationStore] Read setting file: 296 chars
[2022-04-12 12:07:56Z INFO ConfigurationManager] Settings Loaded
[2022-04-12 12:07:56Z INFO ConfigurationStore] IsServiceConfigured()
[2022-04-12 12:07:56Z INFO ConfigurationStore] IsServiceConfigured: False
[2022-04-12 12:07:56Z INFO CommandSettings] Command 'run': 'True'
[2022-04-12 12:07:56Z INFO ConfigurationStore] IsConfigured()
[2022-04-12 12:07:56Z INFO ConfigurationStore] IsConfigured: True
[2022-04-12 12:07:56Z INFO ConfigurationManager] Is configured: True
[2022-04-12 12:07:56Z INFO Runner] Could not parse the argument value '' for StartupType. Defaulting to Manual
[2022-04-12 12:07:56Z INFO Runner] Set runner startup type - Manual
[2022-04-12 12:07:56Z INFO CommandSettings] Flag 'once': 'False'
[2022-04-12 12:07:56Z INFO CommandSettings] Flag 'once': 'False'
[2022-04-12 12:07:56Z INFO Runner] RunAsync
[2022-04-12 12:07:56Z INFO ConfigurationManager] LoadSettings
[2022-04-12 12:07:56Z INFO ConfigurationStore] IsConfigured()
[2022-04-12 12:07:56Z INFO ConfigurationStore] IsConfigured: True
[2022-04-12 12:07:56Z INFO ConfigurationManager] Is configured: True
[2022-04-12 12:07:56Z INFO ConfigurationManager] Settings Loaded
[2022-04-12 12:07:56Z INFO MessageListener] {
  "AgentId": 2,
  "AgentName": "dashboard-runner",
  "PoolId": 1,
  "PoolName": "Default",
  "ServerUrl": "https://pipelines.actions.githubusercontent.com/iMb5RnHOauK1BllZdfPpBFWUC7vgLkXw13BXA1BwDQKNxjlE1E",
  "GitHubUrl": "https://github.com/Dominik23/k3s-dashboard",
  "WorkFolder": "_work"
}
[2022-04-12 12:07:56Z INFO MessageListener] Loading Credentials
[2022-04-12 12:07:56Z INFO ConfigurationStore] HasCredentials()
[2022-04-12 12:07:56Z INFO ConfigurationStore] stored True
[2022-04-12 12:07:56Z INFO CredentialManager] GetCredentialProvider
[2022-04-12 12:07:56Z INFO CredentialManager] Creating type OAuth
[2022-04-12 12:07:56Z INFO CredentialManager] Creating credential type: OAuth
[2022-04-12 12:07:56Z INFO HostContext] Well known directory 'Bin': '/Users/dhartl/Documents/Apps/uni/k3s-dashboard/actions-runner-dashboard/bin.2.289.1'
[2022-04-12 12:07:56Z INFO HostContext] Well known directory 'Root': '/Users/dhartl/Documents/Apps/uni/k3s-dashboard/actions-runner-dashboard'
[2022-04-12 12:07:56Z INFO HostContext] Well known config file 'RSACredentials': '/Users/dhartl/Documents/Apps/uni/k3s-dashboard/actions-runner-dashboard/.credentials_rsaparams'
[2022-04-12 12:07:56Z INFO RSAFileKeyManager] Loading RSA key parameters from file /Users/dhartl/Documents/Apps/uni/k3s-dashboard/actions-runner-dashboard/.credentials_rsaparams
[2022-04-12 12:07:56Z INFO MessageListener] Attempt to create session.
[2022-04-12 12:07:56Z INFO MessageListener] Connecting to the Runner Server...
[2022-04-12 12:07:56Z INFO RunnerServer] Establish connection with 100 seconds timeout.
[2022-04-12 12:07:56Z INFO GitHubActionsService] Starting operation Location.GetConnectionData
[2022-04-12 12:07:56Z INFO RunnerServer] Establish connection with 60 seconds timeout.
[2022-04-12 12:07:56Z INFO GitHubActionsService] Starting operation Location.GetConnectionData
[2022-04-12 12:07:56Z INFO RunnerServer] Establish connection with 60 seconds timeout.
[2022-04-12 12:07:56Z INFO GitHubActionsService] Starting operation Location.GetConnectionData
[2022-04-12 12:07:57Z INFO GitHubActionsService] Finished operation Location.GetConnectionData
[2022-04-12 12:07:57Z INFO GitHubActionsService] Finished operation Location.GetConnectionData
[2022-04-12 12:07:57Z INFO GitHubActionsService] Finished operation Location.GetConnectionData
[2022-04-12 12:07:57Z INFO MessageListener] VssConnection created
[2022-04-12 12:07:57Z INFO Terminal] WRITE LINE: 
[2022-04-12 12:07:57Z INFO Terminal] WRITE LINE: 
[2022-04-12 12:07:58Z WARN GitHubActionsService] Authentication failed with status code 401.
Transfer-Encoding: chunked
WWW-Authenticate: Bearer
Strict-Transport-Security: max-age=2592000
X-TFS-ProcessId: ce2a36ae-f831-4ffe-a18f-d9be0d2804b3
ActivityId: 9b071fc8-2ab8-4513-9a2d-72cbbb4d4fb9
X-TFS-Session: 7c015173-ca3f-4944-a210-3c24b5538989
X-VSS-E2EID: 0a2d77ff-636c-4b54-851f-2bbe5d773cf6
X-VSS-SenderDeploymentId: 63be6134-28d1-8c82-e969-91f4e88fcdec
X-TFS-ServiceError: The+user+%27System%3aPublicAccess%3baaaaaaaa-aaaa-aaaa-aaaa-aaaaaaaaaaaa%27+is+not+authorized+to+access+this+resource.
X-VSS-S2STargetService: 0000005A-0000-8888-8000-000000000000/visualstudio.com
X-Cache: CONFIG_NOCACHE
X-MSEdge-Ref: Ref A: D63156F591EA4E96BD738F4E0635C966 Ref B: DUS30EDGE0910 Ref C: 2022-04-12T12:07:58Z
Date: Tue, 12 Apr 2022 12:07:57 GMT

[2022-04-12 12:07:58Z INFO RSAFileKeyManager] Loading RSA key parameters from file /Users/dhartl/Documents/Apps/uni/k3s-dashboard/actions-runner-dashboard/.credentials_rsaparams
[2022-04-12 12:07:58Z INFO RSAFileKeyManager] Loading RSA key parameters from file /Users/dhartl/Documents/Apps/uni/k3s-dashboard/actions-runner-dashboard/.credentials_rsaparams
[2022-04-12 12:07:58Z INFO GitHubActionsService] AAD Correlation ID for this token request: Unknown
[2022-04-12 12:07:58Z INFO MessageListener] Session created.
[2022-04-12 12:07:58Z INFO Terminal] WRITE LINE: Current runner version: '2.289.1'
[2022-04-12 12:07:58Z INFO Terminal] WRITE LINE: 2022-04-12 12:07:58Z: Listening for Jobs
[2022-04-12 12:07:58Z INFO JobDispatcher] Set runner/worker IPC timeout to 30 seconds.
[2022-04-12 12:08:54Z INFO RSAFileKeyManager] Loading RSA key parameters from file /Users/dhartl/Documents/Apps/uni/k3s-dashboard/actions-runner-dashboard/.credentials_rsaparams
[2022-04-12 12:08:54Z INFO MessageListener] Message '14' received from session '4853d31b-a785-4443-b852-7fa2f72ccc8c'.
[2022-04-12 12:08:54Z INFO HostContext] Well known directory 'Bin': '/Users/dhartl/Documents/Apps/uni/k3s-dashboard/actions-runner-dashboard/bin.2.289.1'
[2022-04-12 12:08:54Z INFO HostContext] Well known directory 'Root': '/Users/dhartl/Documents/Apps/uni/k3s-dashboard/actions-runner-dashboard'
[2022-04-12 12:08:54Z INFO HostContext] Well known directory 'Work': '/Users/dhartl/Documents/Apps/uni/k3s-dashboard/actions-runner-dashboard/_work'
[2022-04-12 12:08:54Z INFO HostContext] Well known directory 'Bin': '/Users/dhartl/Documents/Apps/uni/k3s-dashboard/actions-runner-dashboard/bin.2.289.1'
[2022-04-12 12:08:54Z INFO HostContext] Well known directory 'Root': '/Users/dhartl/Documents/Apps/uni/k3s-dashboard/actions-runner-dashboard'
[2022-04-12 12:08:54Z INFO HostContext] Well known directory 'Work': '/Users/dhartl/Documents/Apps/uni/k3s-dashboard/actions-runner-dashboard/_work'
[2022-04-12 12:08:54Z INFO SelfUpdater] Cloning dotnet runtime to /Users/dhartl/Documents/Apps/uni/k3s-dashboard/actions-runner-dashboard/_work/__dotnet_runtime__
[2022-04-12 12:08:54Z INFO HostContext] Well known directory 'Bin': '/Users/dhartl/Documents/Apps/uni/k3s-dashboard/actions-runner-dashboard/bin.2.289.1'
[2022-04-12 12:08:55Z INFO SelfUpdater] Successfully cloned dotnet runtime to /Users/dhartl/Documents/Apps/uni/k3s-dashboard/actions-runner-dashboard/_work/__dotnet_runtime__. Total files: 179
[2022-04-12 12:08:55Z INFO SelfUpdater] Cloning externals to /Users/dhartl/Documents/Apps/uni/k3s-dashboard/actions-runner-dashboard/_work/__externals__
[2022-04-12 12:08:56Z INFO HostContext] Well known directory 'Bin': '/Users/dhartl/Documents/Apps/uni/k3s-dashboard/actions-runner-dashboard/bin.2.289.1'
[2022-04-12 12:08:56Z INFO HostContext] Well known directory 'Root': '/Users/dhartl/Documents/Apps/uni/k3s-dashboard/actions-runner-dashboard'
[2022-04-12 12:08:56Z INFO HostContext] Well known directory 'Externals': '/Users/dhartl/Documents/Apps/uni/k3s-dashboard/actions-runner-dashboard/externals'
[2022-04-12 12:09:00Z INFO SelfUpdater] Successfully cloned externals to /Users/dhartl/Documents/Apps/uni/k3s-dashboard/actions-runner-dashboard/_work/__externals__.
[2022-04-12 12:09:00Z INFO SelfUpdater] Waiting for 2 tasks to complete.
[2022-04-12 12:09:00Z INFO SelfUpdater] Externals clone finished.
[2022-04-12 12:09:00Z INFO SelfUpdater] Calculating hash for /Users/dhartl/Documents/Apps/uni/k3s-dashboard/actions-runner-dashboard/_work/__externals__
[2022-04-12 12:09:00Z INFO HostContext] Well known directory 'Bin': '/Users/dhartl/Documents/Apps/uni/k3s-dashboard/actions-runner-dashboard/bin.2.289.1'
[2022-04-12 12:09:00Z INFO HostContext] Well known directory 'Bin': '/Users/dhartl/Documents/Apps/uni/k3s-dashboard/actions-runner-dashboard/bin.2.289.1'
[2022-04-12 12:09:00Z INFO HostContext] Well known directory 'Root': '/Users/dhartl/Documents/Apps/uni/k3s-dashboard/actions-runner-dashboard'
[2022-04-12 12:09:00Z INFO HostContext] Well known directory 'Externals': '/Users/dhartl/Documents/Apps/uni/k3s-dashboard/actions-runner-dashboard/externals'
[2022-04-12 12:09:00Z INFO ProcessInvokerWrapper] Starting process:
[2022-04-12 12:09:00Z INFO ProcessInvokerWrapper]   File name: '/Users/dhartl/Documents/Apps/uni/k3s-dashboard/actions-runner-dashboard/externals/node16/bin/node'
[2022-04-12 12:09:00Z INFO ProcessInvokerWrapper]   Arguments: '"/Users/dhartl/Documents/Apps/uni/k3s-dashboard/actions-runner-dashboard/bin.2.289.1/hashFiles"'
[2022-04-12 12:09:00Z INFO ProcessInvokerWrapper]   Working directory: '/Users/dhartl/Documents/Apps/uni/k3s-dashboard/actions-runner-dashboard/_work/__externals__'
[2022-04-12 12:09:00Z INFO ProcessInvokerWrapper]   Require exit code zero: 'False'
[2022-04-12 12:09:00Z INFO ProcessInvokerWrapper]   Encoding web name:  ; code page: ''
[2022-04-12 12:09:00Z INFO ProcessInvokerWrapper]   Force kill process on cancellation: 'True'
[2022-04-12 12:09:00Z INFO ProcessInvokerWrapper]   Redirected STDIN: 'False'
[2022-04-12 12:09:00Z INFO ProcessInvokerWrapper]   Persist current code page: 'False'
[2022-04-12 12:09:00Z INFO ProcessInvokerWrapper]   Keep redirected STDIN open: 'False'
[2022-04-12 12:09:00Z INFO ProcessInvokerWrapper]   High priority process: 'False'
[2022-04-12 12:09:01Z INFO ProcessInvokerWrapper] Process started with process id 12441, waiting for process exit.
[2022-04-12 12:09:01Z INFO Runner] Refresh message received, kick-off selfupdate background process.
[2022-04-12 12:09:01Z INFO SelfUpdater] Version '2.289.2' of 'agent' package available in server.
[2022-04-12 12:09:01Z INFO SelfUpdater] Current running runner version is 2.289.1
[2022-04-12 12:09:01Z INFO SelfUpdater] An update is available.
[2022-04-12 12:09:01Z INFO Terminal] WRITE LINE: Runner update in progress, do not shutdown runner.
[2022-04-12 12:09:01Z INFO SelfUpdater] CloneDotnetRuntimeTime: 404ms
[2022-04-12 12:09:01Z INFO SelfUpdater] CloneExternalsTime: 5815ms
[2022-04-12 12:09:01Z INFO SelfUpdater] RunnerPlatform: osx-x64
[2022-04-12 12:09:01Z INFO Terminal] WRITE LINE: Downloading 2.289.2 runner
[2022-04-12 12:09:01Z INFO ProcessInvokerWrapper] Kill entire process tree since both cancel and terminate signal has been ignored by the target process.
[2022-04-12 12:09:01Z INFO ProcessInvokerWrapper] STDOUT/STDERR stream read finished.
[2022-04-12 12:09:01Z INFO ProcessInvokerWrapper] STDOUT/STDERR stream read finished.
[2022-04-12 12:09:01Z INFO ProcessInvokerWrapper] Process Cancellation finished.
[2022-04-12 12:09:01Z INFO ProcessInvokerWrapper] Finished process 12441 with exit code 137, and elapsed time 00:00:00.5741433.
[2022-04-12 12:09:01Z ERR  SelfUpdater] Fail to hash externals content: System.OperationCanceledException: The operation was canceled.
   at System.Threading.CancellationToken.ThrowOperationCanceledException()
   at GitHub.Runner.Sdk.ProcessInvoker.ExecuteAsync(String workingDirectory, String fileName, String arguments, IDictionary`2 environment, Boolean requireExitCodeZero, Encoding outputEncoding, Boolean killProcessOnCancel, Channel`1 redirectStandardIn, Boolean inheritConsoleHandler, Boolean keepStandardInOpen, Boolean highPriorityProcess, CancellationToken cancellationToken)
   at GitHub.Runner.Common.ProcessInvokerWrapper.ExecuteAsync(String workingDirectory, String fileName, String arguments, IDictionary`2 environment, Boolean requireExitCodeZero, Encoding outputEncoding, Boolean killProcessOnCancel, Channel`1 redirectStandardIn, Boolean inheritConsoleHandler, Boolean keepStandardInOpen, Boolean highPriorityProcess, CancellationToken cancellationToken)
   at GitHub.Runner.Listener.SelfUpdater.HashFiles(String fileFolder, CancellationToken token)
   at GitHub.Runner.Listener.SelfUpdater.CloneAndCalculateAssetsHash(String dotnetRuntimeCloneDirectory, String externalsCloneDirectory, CancellationToken token)
[2022-04-12 12:09:01Z INFO SelfUpdater] Still waiting for 1 tasks to complete.
[2022-04-12 12:09:01Z INFO SelfUpdater] Waiting for 1 tasks to complete.
[2022-04-12 12:09:01Z INFO SelfUpdater] Dotnet runtime clone finished.
[2022-04-12 12:09:01Z ERR  SelfUpdater] Skip compute hash since clone dotnet runtime failed/cancelled.
[2022-04-12 12:09:01Z INFO SelfUpdater] Still waiting for 0 tasks to complete.
[2022-04-12 12:09:01Z INFO HostContext] Well known directory 'Bin': '/Users/dhartl/Documents/Apps/uni/k3s-dashboard/actions-runner-dashboard/bin.2.289.1'
[2022-04-12 12:09:01Z INFO HostContext] Well known directory 'Root': '/Users/dhartl/Documents/Apps/uni/k3s-dashboard/actions-runner-dashboard'
[2022-04-12 12:09:01Z INFO HostContext] Well known directory 'Work': '/Users/dhartl/Documents/Apps/uni/k3s-dashboard/actions-runner-dashboard/_work'
[2022-04-12 12:09:02Z INFO SelfUpdater] Attempt 1: save latest runner into /Users/dhartl/Documents/Apps/uni/k3s-dashboard/actions-runner-dashboard/_work/_update/runner1.tar.gz.
[2022-04-12 12:09:02Z INFO SelfUpdater] Download runner: begin download
[2022-04-12 12:09:02Z INFO SelfUpdater] Downloading https://github.com/actions/runner/releases/download/v2.289.2/actions-runner-osx-x64-2.289.2.tar.gz
