[2022-03-28 09:49:14Z INFO HostContext] No proxy settings were found based on environmental variables (http_proxy/https_proxy/HTTP_PROXY/HTTPS_PROXY)
[2022-03-28 09:49:14Z INFO HostContext] Well known directory 'Bin': '/Users/dhartl/Documents/Apps/uni/k3s-dashboard/actions-runner-dashboard/bin'
[2022-03-28 09:49:14Z INFO HostContext] Well known directory 'Root': '/Users/dhartl/Documents/Apps/uni/k3s-dashboard/actions-runner-dashboard'
[2022-03-28 09:49:14Z INFO HostContext] Well known config file 'Credentials': '/Users/dhartl/Documents/Apps/uni/k3s-dashboard/actions-runner-dashboard/.credentials'
[2022-03-28 09:49:14Z INFO HostContext] Well known directory 'Bin': '/Users/dhartl/Documents/Apps/uni/k3s-dashboard/actions-runner-dashboard/bin'
[2022-03-28 09:49:14Z INFO HostContext] Well known directory 'Root': '/Users/dhartl/Documents/Apps/uni/k3s-dashboard/actions-runner-dashboard'
[2022-03-28 09:49:14Z INFO HostContext] Well known config file 'Runner': '/Users/dhartl/Documents/Apps/uni/k3s-dashboard/actions-runner-dashboard/.runner'
[2022-03-28 09:49:14Z INFO Listener] Runner is built for OSX (X64) - osx-x64.
[2022-03-28 09:49:14Z INFO Listener] RuntimeInformation: Darwin 21.3.0 Darwin Kernel Version 21.3.0: Wed Jan  5 21:37:58 PST 2022; root:xnu-8019.80.24~20/RELEASE_ARM64_T8101.
[2022-03-28 09:49:14Z INFO Listener] Version: 2.288.1
[2022-03-28 09:49:14Z INFO Listener] Commit: e95a2b840b74568ec30c993462165ece91040f8e
[2022-03-28 09:49:14Z INFO Listener] Culture: en-GB
[2022-03-28 09:49:14Z INFO Listener] UI Culture: en-GB
[2022-03-28 09:49:14Z INFO HostContext] Well known directory 'Bin': '/Users/dhartl/Documents/Apps/uni/k3s-dashboard/actions-runner-dashboard/bin'
[2022-03-28 09:49:14Z INFO HostContext] Well known directory 'Root': '/Users/dhartl/Documents/Apps/uni/k3s-dashboard/actions-runner-dashboard'
[2022-03-28 09:49:14Z INFO Listener] Validating directory permissions for: '/Users/dhartl/Documents/Apps/uni/k3s-dashboard/actions-runner-dashboard'
[2022-03-28 09:49:14Z INFO CommandLineParser] Parse
[2022-03-28 09:49:14Z INFO CommandLineParser] Parsing 1 args
[2022-03-28 09:49:14Z INFO CommandLineParser] parsing argument
[2022-03-28 09:49:14Z INFO CommandLineParser] HasArgs: False
[2022-03-28 09:49:14Z INFO CommandLineParser] Adding Command: run
[2022-03-28 09:49:14Z INFO Listener] Arguments parsed
[2022-03-28 09:49:14Z INFO Runner] ExecuteCommand
[2022-03-28 09:49:14Z INFO ConfigurationStore] currentAssemblyLocation: /Users/dhartl/Documents/Apps/uni/k3s-dashboard/actions-runner-dashboard/bin/Runner.Listener.dll
[2022-03-28 09:49:14Z INFO HostContext] Well known directory 'Bin': '/Users/dhartl/Documents/Apps/uni/k3s-dashboard/actions-runner-dashboard/bin'
[2022-03-28 09:49:14Z INFO ConfigurationStore] binPath: /Users/dhartl/Documents/Apps/uni/k3s-dashboard/actions-runner-dashboard/bin
[2022-03-28 09:49:14Z INFO HostContext] Well known directory 'Bin': '/Users/dhartl/Documents/Apps/uni/k3s-dashboard/actions-runner-dashboard/bin'
[2022-03-28 09:49:14Z INFO HostContext] Well known directory 'Root': '/Users/dhartl/Documents/Apps/uni/k3s-dashboard/actions-runner-dashboard'
[2022-03-28 09:49:14Z INFO ConfigurationStore] RootFolder: /Users/dhartl/Documents/Apps/uni/k3s-dashboard/actions-runner-dashboard
[2022-03-28 09:49:14Z INFO HostContext] Well known directory 'Bin': '/Users/dhartl/Documents/Apps/uni/k3s-dashboard/actions-runner-dashboard/bin'
[2022-03-28 09:49:14Z INFO HostContext] Well known directory 'Root': '/Users/dhartl/Documents/Apps/uni/k3s-dashboard/actions-runner-dashboard'
[2022-03-28 09:49:14Z INFO HostContext] Well known config file 'Runner': '/Users/dhartl/Documents/Apps/uni/k3s-dashboard/actions-runner-dashboard/.runner'
[2022-03-28 09:49:14Z INFO ConfigurationStore] ConfigFilePath: /Users/dhartl/Documents/Apps/uni/k3s-dashboard/actions-runner-dashboard/.runner
[2022-03-28 09:49:14Z INFO HostContext] Well known directory 'Bin': '/Users/dhartl/Documents/Apps/uni/k3s-dashboard/actions-runner-dashboard/bin'
[2022-03-28 09:49:14Z INFO HostContext] Well known directory 'Root': '/Users/dhartl/Documents/Apps/uni/k3s-dashboard/actions-runner-dashboard'
[2022-03-28 09:49:14Z INFO HostContext] Well known config file 'Credentials': '/Users/dhartl/Documents/Apps/uni/k3s-dashboard/actions-runner-dashboard/.credentials'
[2022-03-28 09:49:14Z INFO ConfigurationStore] CredFilePath: /Users/dhartl/Documents/Apps/uni/k3s-dashboard/actions-runner-dashboard/.credentials
[2022-03-28 09:49:14Z INFO HostContext] Well known directory 'Bin': '/Users/dhartl/Documents/Apps/uni/k3s-dashboard/actions-runner-dashboard/bin'
[2022-03-28 09:49:14Z INFO HostContext] Well known directory 'Root': '/Users/dhartl/Documents/Apps/uni/k3s-dashboard/actions-runner-dashboard'
[2022-03-28 09:49:14Z INFO HostContext] Well known config file 'MigratedCredentials': '/Users/dhartl/Documents/Apps/uni/k3s-dashboard/actions-runner-dashboard/.credentials_migrated'
[2022-03-28 09:49:14Z INFO ConfigurationStore] MigratedCredFilePath: /Users/dhartl/Documents/Apps/uni/k3s-dashboard/actions-runner-dashboard/.credentials_migrated
[2022-03-28 09:49:14Z INFO HostContext] Well known directory 'Bin': '/Users/dhartl/Documents/Apps/uni/k3s-dashboard/actions-runner-dashboard/bin'
[2022-03-28 09:49:14Z INFO HostContext] Well known directory 'Root': '/Users/dhartl/Documents/Apps/uni/k3s-dashboard/actions-runner-dashboard'
[2022-03-28 09:49:14Z INFO HostContext] Well known config file 'Service': '/Users/dhartl/Documents/Apps/uni/k3s-dashboard/actions-runner-dashboard/.service'
[2022-03-28 09:49:14Z INFO ConfigurationStore] ServiceConfigFilePath: /Users/dhartl/Documents/Apps/uni/k3s-dashboard/actions-runner-dashboard/.service
[2022-03-28 09:49:14Z INFO CommandSettings] Flag 'help': 'False'
[2022-03-28 09:49:14Z INFO CommandSettings] Flag 'version': 'False'
[2022-03-28 09:49:14Z INFO CommandSettings] Flag 'commit': 'False'
[2022-03-28 09:49:14Z INFO CommandSettings] Flag 'check': 'False'
[2022-03-28 09:49:14Z INFO CommandSettings] Command 'configure': 'False'
[2022-03-28 09:49:14Z INFO CommandSettings] Command 'remove': 'False'
[2022-03-28 09:49:14Z INFO CommandSettings] Command 'warmup': 'False'
[2022-03-28 09:49:14Z INFO ConfigurationManager] LoadSettings
[2022-03-28 09:49:14Z INFO ConfigurationStore] IsConfigured()
[2022-03-28 09:49:14Z INFO ConfigurationStore] IsConfigured: True
[2022-03-28 09:49:14Z INFO ConfigurationManager] Is configured: True
[2022-03-28 09:49:14Z INFO ConfigurationStore] Read setting file: 296 chars
[2022-03-28 09:49:14Z INFO ConfigurationManager] Settings Loaded
[2022-03-28 09:49:14Z INFO ConfigurationStore] IsServiceConfigured()
[2022-03-28 09:49:14Z INFO ConfigurationStore] IsServiceConfigured: False
[2022-03-28 09:49:14Z INFO CommandSettings] Command 'run': 'True'
[2022-03-28 09:49:14Z INFO ConfigurationStore] IsConfigured()
[2022-03-28 09:49:14Z INFO ConfigurationStore] IsConfigured: True
[2022-03-28 09:49:14Z INFO ConfigurationManager] Is configured: True
[2022-03-28 09:49:14Z INFO Runner] Could not parse the argument value '' for StartupType. Defaulting to Manual
[2022-03-28 09:49:14Z INFO Runner] Set runner startup type - Manual
[2022-03-28 09:49:14Z INFO CommandSettings] Flag 'once': 'False'
[2022-03-28 09:49:14Z INFO CommandSettings] Flag 'once': 'False'
[2022-03-28 09:49:14Z INFO Runner] RunAsync
[2022-03-28 09:49:14Z INFO ConfigurationManager] LoadSettings
[2022-03-28 09:49:14Z INFO ConfigurationStore] IsConfigured()
[2022-03-28 09:49:14Z INFO ConfigurationStore] IsConfigured: True
[2022-03-28 09:49:14Z INFO ConfigurationManager] Is configured: True
[2022-03-28 09:49:14Z INFO ConfigurationManager] Settings Loaded
[2022-03-28 09:49:14Z INFO MessageListener] {
  "AgentId": 2,
  "AgentName": "dashboard-runner",
  "PoolId": 1,
  "PoolName": "Default",
  "ServerUrl": "https://pipelines.actions.githubusercontent.com/iMb5RnHOauK1BllZdfPpBFWUC7vgLkXw13BXA1BwDQKNxjlE1E",
  "GitHubUrl": "https://github.com/Dominik23/k3s-dashboard",
  "WorkFolder": "_work"
}
[2022-03-28 09:49:14Z INFO MessageListener] Loading Credentials
[2022-03-28 09:49:14Z INFO ConfigurationStore] HasCredentials()
[2022-03-28 09:49:14Z INFO ConfigurationStore] stored True
[2022-03-28 09:49:14Z INFO CredentialManager] GetCredentialProvider
[2022-03-28 09:49:14Z INFO CredentialManager] Creating type OAuth
[2022-03-28 09:49:14Z INFO CredentialManager] Creating credential type: OAuth
[2022-03-28 09:49:14Z INFO HostContext] Well known directory 'Bin': '/Users/dhartl/Documents/Apps/uni/k3s-dashboard/actions-runner-dashboard/bin'
[2022-03-28 09:49:14Z INFO HostContext] Well known directory 'Root': '/Users/dhartl/Documents/Apps/uni/k3s-dashboard/actions-runner-dashboard'
[2022-03-28 09:49:14Z INFO HostContext] Well known config file 'RSACredentials': '/Users/dhartl/Documents/Apps/uni/k3s-dashboard/actions-runner-dashboard/.credentials_rsaparams'
[2022-03-28 09:49:14Z INFO RSAFileKeyManager] Loading RSA key parameters from file /Users/dhartl/Documents/Apps/uni/k3s-dashboard/actions-runner-dashboard/.credentials_rsaparams
[2022-03-28 09:49:14Z INFO MessageListener] Attempt to create session.
[2022-03-28 09:49:14Z INFO MessageListener] Connecting to the Runner Server...
[2022-03-28 09:49:14Z INFO RunnerServer] Establish connection with 100 seconds timeout.
[2022-03-28 09:49:15Z INFO GitHubActionsService] Starting operation Location.GetConnectionData
[2022-03-28 09:49:15Z INFO RunnerServer] Establish connection with 60 seconds timeout.
[2022-03-28 09:49:15Z INFO GitHubActionsService] Starting operation Location.GetConnectionData
[2022-03-28 09:49:15Z INFO RunnerServer] Establish connection with 60 seconds timeout.
[2022-03-28 09:49:15Z INFO GitHubActionsService] Starting operation Location.GetConnectionData
[2022-03-28 09:49:16Z INFO GitHubActionsService] Finished operation Location.GetConnectionData
[2022-03-28 09:49:16Z INFO GitHubActionsService] Finished operation Location.GetConnectionData
[2022-03-28 09:49:16Z INFO GitHubActionsService] Finished operation Location.GetConnectionData
[2022-03-28 09:49:16Z INFO MessageListener] VssConnection created
[2022-03-28 09:49:16Z INFO Terminal] WRITE LINE: 
[2022-03-28 09:49:16Z INFO Terminal] WRITE LINE: 
[2022-03-28 09:49:16Z WARN GitHubActionsService] Authentication failed with status code 401.
WWW-Authenticate: Bearer
Strict-Transport-Security: max-age=2592000
X-TFS-ProcessId: 9ca15eee-f78e-4c3b-b73b-521cd2adb26b
ActivityId: 24ce671f-6e5d-44ca-bc20-779b83ddfe96
X-TFS-Session: 8d1eb62e-1206-4c39-b86f-a4c097c520f0
X-VSS-E2EID: e439539d-db51-4351-bd92-c40a1e1fa493
X-VSS-SenderDeploymentId: 63be6134-28d1-8c82-e969-91f4e88fcdec
X-TFS-ServiceError: The+user+%27System%3aPublicAccess%3baaaaaaaa-aaaa-aaaa-aaaa-aaaaaaaaaaaa%27+is+not+authorized+to+access+this+resource.
X-VSS-S2STargetService: 0000005A-0000-8888-8000-000000000000/visualstudio.com
X-Cache: CONFIG_NOCACHE
X-MSEdge-Ref: Ref A: D9E2CE680BD24B5886A685FDC86A5519 Ref B: VIEEDGE2320 Ref C: 2022-03-28T09:49:16Z
Date: Mon, 28 Mar 2022 09:49:15 GMT

[2022-03-28 09:49:16Z INFO RSAFileKeyManager] Loading RSA key parameters from file /Users/dhartl/Documents/Apps/uni/k3s-dashboard/actions-runner-dashboard/.credentials_rsaparams
[2022-03-28 09:49:16Z INFO RSAFileKeyManager] Loading RSA key parameters from file /Users/dhartl/Documents/Apps/uni/k3s-dashboard/actions-runner-dashboard/.credentials_rsaparams
[2022-03-28 09:49:16Z INFO GitHubActionsService] AAD Correlation ID for this token request: Unknown
[2022-03-28 09:49:17Z INFO MessageListener] Session created.
[2022-03-28 09:49:17Z INFO Terminal] WRITE LINE: Current runner version: '2.288.1'
[2022-03-28 09:49:17Z INFO Terminal] WRITE LINE: 2022-03-28 09:49:17Z: Listening for Jobs
[2022-03-28 09:49:17Z INFO JobDispatcher] Set runner/worker IPC timeout to 30 seconds.
[2022-03-28 09:50:44Z INFO RSAFileKeyManager] Loading RSA key parameters from file /Users/dhartl/Documents/Apps/uni/k3s-dashboard/actions-runner-dashboard/.credentials_rsaparams
[2022-03-28 09:50:44Z INFO MessageListener] Message '9' received from session 'a88a5929-231e-4ffa-a6cf-5762dbdd1214'.
[2022-03-28 09:50:44Z INFO Runner] Received job message of length 19261 from service, with hash '7ff31c09b36d75645e878eca8757ad070ba5e2c60afc648de7bfcc50b1c2bda3'
[2022-03-28 09:50:44Z INFO JobDispatcher] Job request 21 for plan 72096230-720c-4452-89c7-872b255a693a job 4d016ec8-1ead-5c38-aba9-ec5eff37b0ea received.
[2022-03-28 09:50:44Z INFO JobDispatcher] Pull OrchestrationId 72096230-720c-4452-89c7-872b255a693a.local-runner.__default from JWT claims
[2022-03-28 09:50:44Z INFO Terminal] WRITE LINE: 2022-03-28 09:50:44Z: Running job: local-runner
[2022-03-28 09:50:44Z INFO JobDispatcher] Start renew job request 21 for job 4d016ec8-1ead-5c38-aba9-ec5eff37b0ea.
[2022-03-28 09:50:45Z INFO JobDispatcher] Successfully renew job request 21, job is valid till 28/03/2022 10:00:45
[2022-03-28 09:50:45Z INFO HostContext] Well known directory 'Bin': '/Users/dhartl/Documents/Apps/uni/k3s-dashboard/actions-runner-dashboard/bin'
[2022-03-28 09:50:45Z INFO ProcessInvokerWrapper] Starting process:
[2022-03-28 09:50:45Z INFO ProcessInvokerWrapper]   File name: '/Users/dhartl/Documents/Apps/uni/k3s-dashboard/actions-runner-dashboard/bin/Runner.Worker'
[2022-03-28 09:50:45Z INFO ProcessInvokerWrapper]   Arguments: 'spawnclient 111 114'
[2022-03-28 09:50:45Z INFO ProcessInvokerWrapper]   Working directory: '/Users/dhartl/Documents/Apps/uni/k3s-dashboard/actions-runner-dashboard/bin'
[2022-03-28 09:50:45Z INFO ProcessInvokerWrapper]   Require exit code zero: 'False'
[2022-03-28 09:50:45Z INFO ProcessInvokerWrapper]   Encoding web name:  ; code page: ''
[2022-03-28 09:50:45Z INFO ProcessInvokerWrapper]   Force kill process on cancellation: 'True'
[2022-03-28 09:50:45Z INFO ProcessInvokerWrapper]   Redirected STDIN: 'False'
[2022-03-28 09:50:45Z INFO ProcessInvokerWrapper]   Persist current code page: 'False'
[2022-03-28 09:50:45Z INFO ProcessInvokerWrapper]   Keep redirected STDIN open: 'False'
[2022-03-28 09:50:45Z INFO ProcessInvokerWrapper]   High priority process: 'True'
[2022-03-28 09:50:45Z INFO ProcessInvokerWrapper] Process started with process id 93254, waiting for process exit.
[2022-03-28 09:50:45Z INFO JobDispatcher] Send job request message to worker for job 4d016ec8-1ead-5c38-aba9-ec5eff37b0ea.
[2022-03-28 09:50:45Z INFO ProcessChannel] Sending message of length 19261, with hash '7ff31c09b36d75645e878eca8757ad070ba5e2c60afc648de7bfcc50b1c2bda3'
[2022-03-28 09:50:45Z INFO JobNotification] Entering JobStarted Notification
[2022-03-28 09:50:45Z INFO JobNotification] Entering StartMonitor
[2022-03-28 09:50:51Z INFO ProcessInvokerWrapper] STDOUT/STDERR stream read finished.
[2022-03-28 09:50:51Z INFO ProcessInvokerWrapper] STDOUT/STDERR stream read finished.
[2022-03-28 09:50:51Z INFO ProcessInvokerWrapper] Finished process 93254 with exit code 100, and elapsed time 00:00:05.7512967.
[2022-03-28 09:50:51Z INFO JobDispatcher] Worker finished for job 4d016ec8-1ead-5c38-aba9-ec5eff37b0ea. Code: 100
[2022-03-28 09:50:51Z INFO JobDispatcher] finish job request for job 4d016ec8-1ead-5c38-aba9-ec5eff37b0ea with result: Succeeded
[2022-03-28 09:50:51Z INFO Terminal] WRITE LINE: 2022-03-28 09:50:51Z: Job local-runner completed with result: Succeeded
[2022-03-28 09:50:51Z INFO JobDispatcher] Stop renew job request for job 4d016ec8-1ead-5c38-aba9-ec5eff37b0ea.
[2022-03-28 09:50:51Z INFO JobDispatcher] job renew has been cancelled, stop renew job request 21.
[2022-03-28 09:50:51Z INFO JobNotification] Entering JobCompleted Notification
[2022-03-28 09:50:51Z INFO JobNotification] Entering EndMonitor
