[2022-03-26 20:36:31Z INFO HostContext] No proxy settings were found based on environmental variables (http_proxy/https_proxy/HTTP_PROXY/HTTPS_PROXY)
[2022-03-26 20:36:31Z INFO HostContext] Well known directory 'Bin': '/Users/dhartl/Documents/Apps/uni/k3s-dashboard/actions-runner-dashboard/bin'
[2022-03-26 20:36:31Z INFO HostContext] Well known directory 'Root': '/Users/dhartl/Documents/Apps/uni/k3s-dashboard/actions-runner-dashboard'
[2022-03-26 20:36:31Z INFO HostContext] Well known config file 'Credentials': '/Users/dhartl/Documents/Apps/uni/k3s-dashboard/actions-runner-dashboard/.credentials'
[2022-03-26 20:36:32Z INFO HostContext] Well known directory 'Bin': '/Users/dhartl/Documents/Apps/uni/k3s-dashboard/actions-runner-dashboard/bin'
[2022-03-26 20:36:32Z INFO HostContext] Well known directory 'Root': '/Users/dhartl/Documents/Apps/uni/k3s-dashboard/actions-runner-dashboard'
[2022-03-26 20:36:32Z INFO HostContext] Well known config file 'Runner': '/Users/dhartl/Documents/Apps/uni/k3s-dashboard/actions-runner-dashboard/.runner'
[2022-03-26 20:36:32Z INFO Listener] Runner is built for OSX (X64) - osx-x64.
[2022-03-26 20:36:32Z INFO Listener] RuntimeInformation: Darwin 21.3.0 Darwin Kernel Version 21.3.0: Wed Jan  5 21:37:58 PST 2022; root:xnu-8019.80.24~20/RELEASE_ARM64_T8101.
[2022-03-26 20:36:33Z INFO Listener] Version: 2.288.1
[2022-03-26 20:36:33Z INFO Listener] Commit: e95a2b840b74568ec30c993462165ece91040f8e
[2022-03-26 20:36:33Z INFO Listener] Culture: 
[2022-03-26 20:36:33Z INFO Listener] UI Culture: 
[2022-03-26 20:36:33Z INFO HostContext] Well known directory 'Bin': '/Users/dhartl/Documents/Apps/uni/k3s-dashboard/actions-runner-dashboard/bin'
[2022-03-26 20:36:33Z INFO HostContext] Well known directory 'Root': '/Users/dhartl/Documents/Apps/uni/k3s-dashboard/actions-runner-dashboard'
[2022-03-26 20:36:33Z INFO Listener] Validating directory permissions for: '/Users/dhartl/Documents/Apps/uni/k3s-dashboard/actions-runner-dashboard'
[2022-03-26 20:36:33Z INFO CommandLineParser] Parse
[2022-03-26 20:36:33Z INFO CommandLineParser] Parsing 1 args
[2022-03-26 20:36:33Z INFO CommandLineParser] parsing argument
[2022-03-26 20:36:33Z INFO CommandLineParser] HasArgs: False
[2022-03-26 20:36:33Z INFO CommandLineParser] Adding Command: run
[2022-03-26 20:36:33Z INFO Listener] Arguments parsed
[2022-03-26 20:36:33Z INFO Runner] ExecuteCommand
[2022-03-26 20:36:33Z INFO ConfigurationStore] currentAssemblyLocation: /Users/dhartl/Documents/Apps/uni/k3s-dashboard/actions-runner-dashboard/bin/Runner.Listener.dll
[2022-03-26 20:36:33Z INFO HostContext] Well known directory 'Bin': '/Users/dhartl/Documents/Apps/uni/k3s-dashboard/actions-runner-dashboard/bin'
[2022-03-26 20:36:33Z INFO ConfigurationStore] binPath: /Users/dhartl/Documents/Apps/uni/k3s-dashboard/actions-runner-dashboard/bin
[2022-03-26 20:36:33Z INFO HostContext] Well known directory 'Bin': '/Users/dhartl/Documents/Apps/uni/k3s-dashboard/actions-runner-dashboard/bin'
[2022-03-26 20:36:33Z INFO HostContext] Well known directory 'Root': '/Users/dhartl/Documents/Apps/uni/k3s-dashboard/actions-runner-dashboard'
[2022-03-26 20:36:33Z INFO ConfigurationStore] RootFolder: /Users/dhartl/Documents/Apps/uni/k3s-dashboard/actions-runner-dashboard
[2022-03-26 20:36:33Z INFO HostContext] Well known directory 'Bin': '/Users/dhartl/Documents/Apps/uni/k3s-dashboard/actions-runner-dashboard/bin'
[2022-03-26 20:36:33Z INFO HostContext] Well known directory 'Root': '/Users/dhartl/Documents/Apps/uni/k3s-dashboard/actions-runner-dashboard'
[2022-03-26 20:36:33Z INFO HostContext] Well known config file 'Runner': '/Users/dhartl/Documents/Apps/uni/k3s-dashboard/actions-runner-dashboard/.runner'
[2022-03-26 20:36:33Z INFO ConfigurationStore] ConfigFilePath: /Users/dhartl/Documents/Apps/uni/k3s-dashboard/actions-runner-dashboard/.runner
[2022-03-26 20:36:33Z INFO HostContext] Well known directory 'Bin': '/Users/dhartl/Documents/Apps/uni/k3s-dashboard/actions-runner-dashboard/bin'
[2022-03-26 20:36:33Z INFO HostContext] Well known directory 'Root': '/Users/dhartl/Documents/Apps/uni/k3s-dashboard/actions-runner-dashboard'
[2022-03-26 20:36:33Z INFO HostContext] Well known config file 'Credentials': '/Users/dhartl/Documents/Apps/uni/k3s-dashboard/actions-runner-dashboard/.credentials'
[2022-03-26 20:36:33Z INFO ConfigurationStore] CredFilePath: /Users/dhartl/Documents/Apps/uni/k3s-dashboard/actions-runner-dashboard/.credentials
[2022-03-26 20:36:33Z INFO HostContext] Well known directory 'Bin': '/Users/dhartl/Documents/Apps/uni/k3s-dashboard/actions-runner-dashboard/bin'
[2022-03-26 20:36:33Z INFO HostContext] Well known directory 'Root': '/Users/dhartl/Documents/Apps/uni/k3s-dashboard/actions-runner-dashboard'
[2022-03-26 20:36:33Z INFO HostContext] Well known config file 'MigratedCredentials': '/Users/dhartl/Documents/Apps/uni/k3s-dashboard/actions-runner-dashboard/.credentials_migrated'
[2022-03-26 20:36:33Z INFO ConfigurationStore] MigratedCredFilePath: /Users/dhartl/Documents/Apps/uni/k3s-dashboard/actions-runner-dashboard/.credentials_migrated
[2022-03-26 20:36:33Z INFO HostContext] Well known directory 'Bin': '/Users/dhartl/Documents/Apps/uni/k3s-dashboard/actions-runner-dashboard/bin'
[2022-03-26 20:36:33Z INFO HostContext] Well known directory 'Root': '/Users/dhartl/Documents/Apps/uni/k3s-dashboard/actions-runner-dashboard'
[2022-03-26 20:36:33Z INFO HostContext] Well known config file 'Service': '/Users/dhartl/Documents/Apps/uni/k3s-dashboard/actions-runner-dashboard/.service'
[2022-03-26 20:36:33Z INFO ConfigurationStore] ServiceConfigFilePath: /Users/dhartl/Documents/Apps/uni/k3s-dashboard/actions-runner-dashboard/.service
[2022-03-26 20:36:33Z INFO CommandSettings] Flag 'help': 'False'
[2022-03-26 20:36:33Z INFO CommandSettings] Flag 'version': 'False'
[2022-03-26 20:36:33Z INFO CommandSettings] Flag 'commit': 'False'
[2022-03-26 20:36:33Z INFO CommandSettings] Flag 'check': 'False'
[2022-03-26 20:36:33Z INFO CommandSettings] Command 'configure': 'False'
[2022-03-26 20:36:33Z INFO CommandSettings] Command 'remove': 'False'
[2022-03-26 20:36:33Z INFO CommandSettings] Command 'warmup': 'False'
[2022-03-26 20:36:33Z INFO ConfigurationManager] LoadSettings
[2022-03-26 20:36:33Z INFO ConfigurationStore] IsConfigured()
[2022-03-26 20:36:33Z INFO ConfigurationStore] IsConfigured: True
[2022-03-26 20:36:33Z INFO ConfigurationManager] Is configured: True
[2022-03-26 20:36:33Z INFO ConfigurationStore] Read setting file: 296 chars
[2022-03-26 20:36:33Z INFO ConfigurationManager] Settings Loaded
[2022-03-26 20:36:33Z INFO ConfigurationStore] IsServiceConfigured()
[2022-03-26 20:36:33Z INFO ConfigurationStore] IsServiceConfigured: False
[2022-03-26 20:36:33Z INFO CommandSettings] Command 'run': 'True'
[2022-03-26 20:36:33Z INFO ConfigurationStore] IsConfigured()
[2022-03-26 20:36:33Z INFO ConfigurationStore] IsConfigured: True
[2022-03-26 20:36:33Z INFO ConfigurationManager] Is configured: True
[2022-03-26 20:36:33Z INFO Runner] Could not parse the argument value '' for StartupType. Defaulting to Manual
[2022-03-26 20:36:33Z INFO Runner] Set runner startup type - Manual
[2022-03-26 20:36:33Z INFO CommandSettings] Flag 'once': 'False'
[2022-03-26 20:36:33Z INFO CommandSettings] Flag 'once': 'False'
[2022-03-26 20:36:33Z INFO Runner] RunAsync
[2022-03-26 20:36:33Z INFO ConfigurationManager] LoadSettings
[2022-03-26 20:36:33Z INFO ConfigurationStore] IsConfigured()
[2022-03-26 20:36:33Z INFO ConfigurationStore] IsConfigured: True
[2022-03-26 20:36:33Z INFO ConfigurationManager] Is configured: True
[2022-03-26 20:36:33Z INFO ConfigurationManager] Settings Loaded
[2022-03-26 20:36:33Z INFO MessageListener] {
  "AgentId": 2,
  "AgentName": "dashboard-runner",
  "PoolId": 1,
  "PoolName": "Default",
  "ServerUrl": "https://pipelines.actions.githubusercontent.com/iMb5RnHOauK1BllZdfPpBFWUC7vgLkXw13BXA1BwDQKNxjlE1E",
  "GitHubUrl": "https://github.com/Dominik23/k3s-dashboard",
  "WorkFolder": "_work"
}
[2022-03-26 20:36:33Z INFO MessageListener] Loading Credentials
[2022-03-26 20:36:33Z INFO ConfigurationStore] HasCredentials()
[2022-03-26 20:36:33Z INFO ConfigurationStore] stored True
[2022-03-26 20:36:33Z INFO CredentialManager] GetCredentialProvider
[2022-03-26 20:36:33Z INFO CredentialManager] Creating type OAuth
[2022-03-26 20:36:33Z INFO CredentialManager] Creating credential type: OAuth
[2022-03-26 20:36:33Z INFO HostContext] Well known directory 'Bin': '/Users/dhartl/Documents/Apps/uni/k3s-dashboard/actions-runner-dashboard/bin'
[2022-03-26 20:36:33Z INFO HostContext] Well known directory 'Root': '/Users/dhartl/Documents/Apps/uni/k3s-dashboard/actions-runner-dashboard'
[2022-03-26 20:36:33Z INFO HostContext] Well known config file 'RSACredentials': '/Users/dhartl/Documents/Apps/uni/k3s-dashboard/actions-runner-dashboard/.credentials_rsaparams'
[2022-03-26 20:36:33Z INFO RSAFileKeyManager] Loading RSA key parameters from file /Users/dhartl/Documents/Apps/uni/k3s-dashboard/actions-runner-dashboard/.credentials_rsaparams
[2022-03-26 20:36:33Z INFO MessageListener] Attempt to create session.
[2022-03-26 20:36:33Z INFO MessageListener] Connecting to the Runner Server...
[2022-03-26 20:36:33Z INFO RunnerServer] Establish connection with 100 seconds timeout.
[2022-03-26 20:36:34Z INFO GitHubActionsService] Starting operation Location.GetConnectionData
[2022-03-26 20:36:34Z INFO RunnerServer] Establish connection with 60 seconds timeout.
[2022-03-26 20:36:34Z INFO GitHubActionsService] Starting operation Location.GetConnectionData
[2022-03-26 20:36:34Z INFO RunnerServer] Establish connection with 60 seconds timeout.
[2022-03-26 20:36:34Z INFO GitHubActionsService] Starting operation Location.GetConnectionData
[2022-03-26 20:36:35Z INFO GitHubActionsService] Finished operation Location.GetConnectionData
[2022-03-26 20:36:35Z INFO GitHubActionsService] Finished operation Location.GetConnectionData
[2022-03-26 20:36:35Z INFO GitHubActionsService] Finished operation Location.GetConnectionData
[2022-03-26 20:36:35Z INFO MessageListener] VssConnection created
[2022-03-26 20:36:35Z INFO Terminal] WRITE LINE: 
[2022-03-26 20:36:35Z INFO Terminal] WRITE LINE: 
[2022-03-26 20:36:36Z WARN GitHubActionsService] Authentication failed with status code 401.
WWW-Authenticate: Bearer
Strict-Transport-Security: max-age=2592000
X-TFS-ProcessId: e9f5f8e0-f321-415a-b688-17be02643727
ActivityId: 6d078cf8-f381-485a-8489-1e8dc027dc3d
X-TFS-Session: 13a307d5-a332-45d9-a5c9-cc0d23c16c6e
X-VSS-E2EID: 4d8c1d67-1f88-4539-9f52-b906cfafb809
X-VSS-SenderDeploymentId: 63be6134-28d1-8c82-e969-91f4e88fcdec
X-TFS-ServiceError: The+user+%27System%3aPublicAccess%3baaaaaaaa-aaaa-aaaa-aaaa-aaaaaaaaaaaa%27+is+not+authorized+to+access+this+resource.
X-VSS-S2STargetService: 0000005A-0000-8888-8000-000000000000/visualstudio.com
X-Cache: CONFIG_NOCACHE
X-MSEdge-Ref: Ref A: 721E1C1B5FD547DA90773962E8B635D2 Ref B: FRAEDGE1113 Ref C: 2022-03-26T20:36:36Z
Date: Sat, 26 Mar 2022 20:36:36 GMT

[2022-03-26 20:36:36Z INFO RSAFileKeyManager] Loading RSA key parameters from file /Users/dhartl/Documents/Apps/uni/k3s-dashboard/actions-runner-dashboard/.credentials_rsaparams
[2022-03-26 20:36:36Z INFO RSAFileKeyManager] Loading RSA key parameters from file /Users/dhartl/Documents/Apps/uni/k3s-dashboard/actions-runner-dashboard/.credentials_rsaparams
[2022-03-26 20:36:36Z INFO GitHubActionsService] AAD Correlation ID for this token request: Unknown
[2022-03-26 20:36:36Z INFO MessageListener] Session created.
[2022-03-26 20:36:36Z INFO Terminal] WRITE LINE: Current runner version: '2.288.1'
[2022-03-26 20:36:36Z INFO Terminal] WRITE LINE: 2022-03-26 20:36:36Z: Listening for Jobs
[2022-03-26 20:36:36Z INFO JobDispatcher] Set runner/worker IPC timeout to 30 seconds.
[2022-03-26 20:41:11Z INFO RSAFileKeyManager] Loading RSA key parameters from file /Users/dhartl/Documents/Apps/uni/k3s-dashboard/actions-runner-dashboard/.credentials_rsaparams
[2022-03-26 20:41:11Z INFO MessageListener] Message '3' received from session 'b30f7462-c69c-47a6-825a-e039661c4776'.
[2022-03-26 20:41:11Z INFO Runner] Received job message of length 19279 from service, with hash 'bf2b67f366230472faf9d0853e5bebed9d70461ce5b1d6537234221ea1f5e004'
[2022-03-26 20:41:11Z INFO JobDispatcher] Job request 7 for plan 8d28fe2a-2ac0-4475-b6bd-e0453bdde70e job 4d016ec8-1ead-5c38-aba9-ec5eff37b0ea received.
[2022-03-26 20:41:11Z INFO JobDispatcher] Pull OrchestrationId 8d28fe2a-2ac0-4475-b6bd-e0453bdde70e.local-runner.__default from JWT claims
[2022-03-26 20:41:11Z INFO Terminal] WRITE LINE: 2022-03-26 20:41:11Z: Running job: local-runner
[2022-03-26 20:41:11Z INFO JobDispatcher] Start renew job request 7 for job 4d016ec8-1ead-5c38-aba9-ec5eff37b0ea.
[2022-03-26 20:41:12Z INFO JobDispatcher] Successfully renew job request 7, job is valid till 03/26/2022 20:51:12
[2022-03-26 20:41:12Z INFO HostContext] Well known directory 'Bin': '/Users/dhartl/Documents/Apps/uni/k3s-dashboard/actions-runner-dashboard/bin'
[2022-03-26 20:41:12Z INFO ProcessInvokerWrapper] Starting process:
[2022-03-26 20:41:12Z INFO ProcessInvokerWrapper]   File name: '/Users/dhartl/Documents/Apps/uni/k3s-dashboard/actions-runner-dashboard/bin/Runner.Worker'
[2022-03-26 20:41:12Z INFO ProcessInvokerWrapper]   Arguments: 'spawnclient 110 113'
[2022-03-26 20:41:12Z INFO ProcessInvokerWrapper]   Working directory: '/Users/dhartl/Documents/Apps/uni/k3s-dashboard/actions-runner-dashboard/bin'
[2022-03-26 20:41:12Z INFO ProcessInvokerWrapper]   Require exit code zero: 'False'
[2022-03-26 20:41:12Z INFO ProcessInvokerWrapper]   Encoding web name:  ; code page: ''
[2022-03-26 20:41:12Z INFO ProcessInvokerWrapper]   Force kill process on cancellation: 'True'
[2022-03-26 20:41:12Z INFO ProcessInvokerWrapper]   Redirected STDIN: 'False'
[2022-03-26 20:41:12Z INFO ProcessInvokerWrapper]   Persist current code page: 'False'
[2022-03-26 20:41:12Z INFO ProcessInvokerWrapper]   Keep redirected STDIN open: 'False'
[2022-03-26 20:41:12Z INFO ProcessInvokerWrapper]   High priority process: 'True'
[2022-03-26 20:41:12Z INFO ProcessInvokerWrapper] Process started with process id 62961, waiting for process exit.
[2022-03-26 20:41:12Z INFO JobDispatcher] Send job request message to worker for job 4d016ec8-1ead-5c38-aba9-ec5eff37b0ea.
[2022-03-26 20:41:12Z INFO ProcessChannel] Sending message of length 19279, with hash 'bf2b67f366230472faf9d0853e5bebed9d70461ce5b1d6537234221ea1f5e004'
[2022-03-26 20:41:12Z INFO JobNotification] Entering JobStarted Notification
[2022-03-26 20:41:12Z INFO JobNotification] Entering StartMonitor
[2022-03-26 20:41:19Z INFO ProcessInvokerWrapper] STDOUT/STDERR stream read finished.
[2022-03-26 20:41:19Z INFO ProcessInvokerWrapper] STDOUT/STDERR stream read finished.
[2022-03-26 20:41:19Z INFO ProcessInvokerWrapper] Finished process 62961 with exit code 100, and elapsed time 00:00:06.4514917.
[2022-03-26 20:41:19Z INFO JobDispatcher] Worker finished for job 4d016ec8-1ead-5c38-aba9-ec5eff37b0ea. Code: 100
[2022-03-26 20:41:19Z INFO JobDispatcher] finish job request for job 4d016ec8-1ead-5c38-aba9-ec5eff37b0ea with result: Succeeded
[2022-03-26 20:41:19Z INFO Terminal] WRITE LINE: 2022-03-26 20:41:19Z: Job local-runner completed with result: Succeeded
[2022-03-26 20:41:19Z INFO JobDispatcher] Stop renew job request for job 4d016ec8-1ead-5c38-aba9-ec5eff37b0ea.
[2022-03-26 20:41:19Z INFO JobDispatcher] job renew has been cancelled, stop renew job request 7.
[2022-03-26 20:41:19Z INFO JobNotification] Entering JobCompleted Notification
[2022-03-26 20:41:19Z INFO JobNotification] Entering EndMonitor
