[2022-03-30 11:18:04Z INFO HostContext] No proxy settings were found based on environmental variables (http_proxy/https_proxy/HTTP_PROXY/HTTPS_PROXY)
[2022-03-30 11:18:04Z INFO HostContext] Well known directory 'Bin': '/Users/dhartl/Documents/Apps/uni/k3s-dashboard/actions-runner-dashboard/bin.2.289.1'
[2022-03-30 11:18:04Z INFO HostContext] Well known directory 'Root': '/Users/dhartl/Documents/Apps/uni/k3s-dashboard/actions-runner-dashboard'
[2022-03-30 11:18:04Z INFO HostContext] Well known config file 'Credentials': '/Users/dhartl/Documents/Apps/uni/k3s-dashboard/actions-runner-dashboard/.credentials'
[2022-03-30 11:18:05Z INFO HostContext] Well known directory 'Bin': '/Users/dhartl/Documents/Apps/uni/k3s-dashboard/actions-runner-dashboard/bin.2.289.1'
[2022-03-30 11:18:05Z INFO HostContext] Well known directory 'Root': '/Users/dhartl/Documents/Apps/uni/k3s-dashboard/actions-runner-dashboard'
[2022-03-30 11:18:05Z INFO HostContext] Well known config file 'Runner': '/Users/dhartl/Documents/Apps/uni/k3s-dashboard/actions-runner-dashboard/.runner'
[2022-03-30 11:18:05Z INFO Listener] Runner is built for OSX (X64) - osx-x64.
[2022-03-30 11:18:05Z INFO Listener] RuntimeInformation: Darwin 21.3.0 Darwin Kernel Version 21.3.0: Wed Jan  5 21:37:58 PST 2022; root:xnu-8019.80.24~20/RELEASE_ARM64_T8101.
[2022-03-30 11:18:05Z INFO Listener] Version: 2.289.1
[2022-03-30 11:18:05Z INFO Listener] Commit: b3b97b73282e89e1d3247a54156e5dca39a57a45
[2022-03-30 11:18:05Z INFO Listener] Culture: 
[2022-03-30 11:18:05Z INFO Listener] UI Culture: 
[2022-03-30 11:18:05Z INFO HostContext] Well known directory 'Bin': '/Users/dhartl/Documents/Apps/uni/k3s-dashboard/actions-runner-dashboard/bin.2.289.1'
[2022-03-30 11:18:05Z INFO HostContext] Well known directory 'Root': '/Users/dhartl/Documents/Apps/uni/k3s-dashboard/actions-runner-dashboard'
[2022-03-30 11:18:05Z INFO Listener] Validating directory permissions for: '/Users/dhartl/Documents/Apps/uni/k3s-dashboard/actions-runner-dashboard'
[2022-03-30 11:18:05Z INFO CommandLineParser] Parse
[2022-03-30 11:18:05Z INFO CommandLineParser] Parsing 1 args
[2022-03-30 11:18:05Z INFO CommandLineParser] parsing argument
[2022-03-30 11:18:05Z INFO CommandLineParser] HasArgs: False
[2022-03-30 11:18:05Z INFO CommandLineParser] Adding Command: run
[2022-03-30 11:18:05Z INFO Listener] Arguments parsed
[2022-03-30 11:18:05Z INFO Runner] ExecuteCommand
[2022-03-30 11:18:05Z INFO ConfigurationStore] currentAssemblyLocation: /Users/dhartl/Documents/Apps/uni/k3s-dashboard/actions-runner-dashboard/bin.2.289.1/Runner.Listener.dll
[2022-03-30 11:18:05Z INFO HostContext] Well known directory 'Bin': '/Users/dhartl/Documents/Apps/uni/k3s-dashboard/actions-runner-dashboard/bin.2.289.1'
[2022-03-30 11:18:05Z INFO ConfigurationStore] binPath: /Users/dhartl/Documents/Apps/uni/k3s-dashboard/actions-runner-dashboard/bin.2.289.1
[2022-03-30 11:18:05Z INFO HostContext] Well known directory 'Bin': '/Users/dhartl/Documents/Apps/uni/k3s-dashboard/actions-runner-dashboard/bin.2.289.1'
[2022-03-30 11:18:05Z INFO HostContext] Well known directory 'Root': '/Users/dhartl/Documents/Apps/uni/k3s-dashboard/actions-runner-dashboard'
[2022-03-30 11:18:05Z INFO ConfigurationStore] RootFolder: /Users/dhartl/Documents/Apps/uni/k3s-dashboard/actions-runner-dashboard
[2022-03-30 11:18:05Z INFO HostContext] Well known directory 'Bin': '/Users/dhartl/Documents/Apps/uni/k3s-dashboard/actions-runner-dashboard/bin.2.289.1'
[2022-03-30 11:18:05Z INFO HostContext] Well known directory 'Root': '/Users/dhartl/Documents/Apps/uni/k3s-dashboard/actions-runner-dashboard'
[2022-03-30 11:18:05Z INFO HostContext] Well known config file 'Runner': '/Users/dhartl/Documents/Apps/uni/k3s-dashboard/actions-runner-dashboard/.runner'
[2022-03-30 11:18:05Z INFO ConfigurationStore] ConfigFilePath: /Users/dhartl/Documents/Apps/uni/k3s-dashboard/actions-runner-dashboard/.runner
[2022-03-30 11:18:05Z INFO HostContext] Well known directory 'Bin': '/Users/dhartl/Documents/Apps/uni/k3s-dashboard/actions-runner-dashboard/bin.2.289.1'
[2022-03-30 11:18:05Z INFO HostContext] Well known directory 'Root': '/Users/dhartl/Documents/Apps/uni/k3s-dashboard/actions-runner-dashboard'
[2022-03-30 11:18:05Z INFO HostContext] Well known config file 'Credentials': '/Users/dhartl/Documents/Apps/uni/k3s-dashboard/actions-runner-dashboard/.credentials'
[2022-03-30 11:18:05Z INFO ConfigurationStore] CredFilePath: /Users/dhartl/Documents/Apps/uni/k3s-dashboard/actions-runner-dashboard/.credentials
[2022-03-30 11:18:05Z INFO HostContext] Well known directory 'Bin': '/Users/dhartl/Documents/Apps/uni/k3s-dashboard/actions-runner-dashboard/bin.2.289.1'
[2022-03-30 11:18:05Z INFO HostContext] Well known directory 'Root': '/Users/dhartl/Documents/Apps/uni/k3s-dashboard/actions-runner-dashboard'
[2022-03-30 11:18:05Z INFO HostContext] Well known config file 'MigratedCredentials': '/Users/dhartl/Documents/Apps/uni/k3s-dashboard/actions-runner-dashboard/.credentials_migrated'
[2022-03-30 11:18:05Z INFO ConfigurationStore] MigratedCredFilePath: /Users/dhartl/Documents/Apps/uni/k3s-dashboard/actions-runner-dashboard/.credentials_migrated
[2022-03-30 11:18:05Z INFO HostContext] Well known directory 'Bin': '/Users/dhartl/Documents/Apps/uni/k3s-dashboard/actions-runner-dashboard/bin.2.289.1'
[2022-03-30 11:18:05Z INFO HostContext] Well known directory 'Root': '/Users/dhartl/Documents/Apps/uni/k3s-dashboard/actions-runner-dashboard'
[2022-03-30 11:18:05Z INFO HostContext] Well known config file 'Service': '/Users/dhartl/Documents/Apps/uni/k3s-dashboard/actions-runner-dashboard/.service'
[2022-03-30 11:18:05Z INFO ConfigurationStore] ServiceConfigFilePath: /Users/dhartl/Documents/Apps/uni/k3s-dashboard/actions-runner-dashboard/.service
[2022-03-30 11:18:05Z INFO CommandSettings] Flag 'help': 'False'
[2022-03-30 11:18:05Z INFO CommandSettings] Flag 'version': 'False'
[2022-03-30 11:18:05Z INFO CommandSettings] Flag 'commit': 'False'
[2022-03-30 11:18:05Z INFO CommandSettings] Flag 'check': 'False'
[2022-03-30 11:18:05Z INFO CommandSettings] Command 'configure': 'False'
[2022-03-30 11:18:05Z INFO CommandSettings] Command 'remove': 'False'
[2022-03-30 11:18:05Z INFO CommandSettings] Command 'warmup': 'False'
[2022-03-30 11:18:05Z INFO ConfigurationManager] LoadSettings
[2022-03-30 11:18:05Z INFO ConfigurationStore] IsConfigured()
[2022-03-30 11:18:05Z INFO ConfigurationStore] IsConfigured: True
[2022-03-30 11:18:05Z INFO ConfigurationManager] Is configured: True
[2022-03-30 11:18:05Z INFO ConfigurationStore] Read setting file: 296 chars
[2022-03-30 11:18:05Z INFO ConfigurationManager] Settings Loaded
[2022-03-30 11:18:05Z INFO ConfigurationStore] IsServiceConfigured()
[2022-03-30 11:18:05Z INFO ConfigurationStore] IsServiceConfigured: False
[2022-03-30 11:18:05Z INFO CommandSettings] Command 'run': 'True'
[2022-03-30 11:18:05Z INFO ConfigurationStore] IsConfigured()
[2022-03-30 11:18:05Z INFO ConfigurationStore] IsConfigured: True
[2022-03-30 11:18:05Z INFO ConfigurationManager] Is configured: True
[2022-03-30 11:18:05Z INFO Runner] Could not parse the argument value '' for StartupType. Defaulting to Manual
[2022-03-30 11:18:05Z INFO Runner] Set runner startup type - Manual
[2022-03-30 11:18:05Z INFO CommandSettings] Flag 'once': 'False'
[2022-03-30 11:18:05Z INFO CommandSettings] Flag 'once': 'False'
[2022-03-30 11:18:05Z INFO Runner] RunAsync
[2022-03-30 11:18:05Z INFO ConfigurationManager] LoadSettings
[2022-03-30 11:18:05Z INFO ConfigurationStore] IsConfigured()
[2022-03-30 11:18:05Z INFO ConfigurationStore] IsConfigured: True
[2022-03-30 11:18:05Z INFO ConfigurationManager] Is configured: True
[2022-03-30 11:18:05Z INFO ConfigurationManager] Settings Loaded
[2022-03-30 11:18:06Z INFO MessageListener] {
  "AgentId": 2,
  "AgentName": "dashboard-runner",
  "PoolId": 1,
  "PoolName": "Default",
  "ServerUrl": "https://pipelines.actions.githubusercontent.com/iMb5RnHOauK1BllZdfPpBFWUC7vgLkXw13BXA1BwDQKNxjlE1E",
  "GitHubUrl": "https://github.com/Dominik23/k3s-dashboard",
  "WorkFolder": "_work"
}
[2022-03-30 11:18:06Z INFO MessageListener] Loading Credentials
[2022-03-30 11:18:06Z INFO ConfigurationStore] HasCredentials()
[2022-03-30 11:18:06Z INFO ConfigurationStore] stored True
[2022-03-30 11:18:06Z INFO CredentialManager] GetCredentialProvider
[2022-03-30 11:18:06Z INFO CredentialManager] Creating type OAuth
[2022-03-30 11:18:06Z INFO CredentialManager] Creating credential type: OAuth
[2022-03-30 11:18:06Z INFO HostContext] Well known directory 'Bin': '/Users/dhartl/Documents/Apps/uni/k3s-dashboard/actions-runner-dashboard/bin.2.289.1'
[2022-03-30 11:18:06Z INFO HostContext] Well known directory 'Root': '/Users/dhartl/Documents/Apps/uni/k3s-dashboard/actions-runner-dashboard'
[2022-03-30 11:18:06Z INFO HostContext] Well known config file 'RSACredentials': '/Users/dhartl/Documents/Apps/uni/k3s-dashboard/actions-runner-dashboard/.credentials_rsaparams'
[2022-03-30 11:18:06Z INFO RSAFileKeyManager] Loading RSA key parameters from file /Users/dhartl/Documents/Apps/uni/k3s-dashboard/actions-runner-dashboard/.credentials_rsaparams
[2022-03-30 11:18:06Z INFO MessageListener] Attempt to create session.
[2022-03-30 11:18:06Z INFO MessageListener] Connecting to the Runner Server...
[2022-03-30 11:18:06Z INFO RunnerServer] Establish connection with 100 seconds timeout.
[2022-03-30 11:18:06Z INFO GitHubActionsService] Starting operation Location.GetConnectionData
[2022-03-30 11:18:06Z INFO RunnerServer] Establish connection with 60 seconds timeout.
[2022-03-30 11:18:06Z INFO GitHubActionsService] Starting operation Location.GetConnectionData
[2022-03-30 11:18:06Z INFO RunnerServer] Establish connection with 60 seconds timeout.
[2022-03-30 11:18:06Z INFO GitHubActionsService] Starting operation Location.GetConnectionData
[2022-03-30 11:18:07Z INFO GitHubActionsService] Finished operation Location.GetConnectionData
[2022-03-30 11:18:07Z INFO GitHubActionsService] Finished operation Location.GetConnectionData
[2022-03-30 11:18:07Z INFO GitHubActionsService] Finished operation Location.GetConnectionData
[2022-03-30 11:18:07Z INFO GitHubActionsService] Starting operation Location.GetConnectionData
[2022-03-30 11:18:08Z INFO GitHubActionsService] Finished operation Location.GetConnectionData
[2022-03-30 11:18:08Z INFO MessageListener] VssConnection created
[2022-03-30 11:18:08Z INFO Terminal] WRITE LINE: 
[2022-03-30 11:18:08Z INFO Terminal] WRITE LINE: 
[2022-03-30 11:18:08Z WARN GitHubActionsService] Authentication failed with status code 401.
WWW-Authenticate: Bearer
Strict-Transport-Security: max-age=2592000
X-TFS-ProcessId: 81c95a96-65bd-44d4-94a9-b52007d6e7ef
ActivityId: 1b57ec98-f829-4f44-bf1c-ea9d527ef025
X-TFS-Session: 1f2fad56-5a04-4c54-b8c4-ef4dd0e909ae
X-VSS-E2EID: 4ddb5bc9-6a0b-4cc8-bdc5-a5f4f841322c
X-VSS-SenderDeploymentId: 63be6134-28d1-8c82-e969-91f4e88fcdec
X-TFS-ServiceError: The+user+%27System%3aPublicAccess%3baaaaaaaa-aaaa-aaaa-aaaa-aaaaaaaaaaaa%27+is+not+authorized+to+access+this+resource.
X-VSS-S2STargetService: 0000005A-0000-8888-8000-000000000000/visualstudio.com
X-Cache: CONFIG_NOCACHE
X-MSEdge-Ref: Ref A: 97A1800652C04FF1B895D6F04E867502 Ref B: VIEEDGE2815 Ref C: 2022-03-30T11:18:08Z
Date: Wed, 30 Mar 2022 11:18:07 GMT

[2022-03-30 11:18:08Z INFO RSAFileKeyManager] Loading RSA key parameters from file /Users/dhartl/Documents/Apps/uni/k3s-dashboard/actions-runner-dashboard/.credentials_rsaparams
[2022-03-30 11:18:08Z INFO RSAFileKeyManager] Loading RSA key parameters from file /Users/dhartl/Documents/Apps/uni/k3s-dashboard/actions-runner-dashboard/.credentials_rsaparams
[2022-03-30 11:18:08Z INFO GitHubActionsService] AAD Correlation ID for this token request: Unknown
[2022-03-30 11:18:08Z INFO MessageListener] Session created.
[2022-03-30 11:18:08Z INFO Terminal] WRITE LINE: Current runner version: '2.289.1'
[2022-03-30 11:18:08Z INFO Terminal] WRITE LINE: 2022-03-30 11:18:08Z: Listening for Jobs
[2022-03-30 11:18:08Z INFO JobDispatcher] Set runner/worker IPC timeout to 30 seconds.
[2022-03-30 11:18:12Z INFO RSAFileKeyManager] Loading RSA key parameters from file /Users/dhartl/Documents/Apps/uni/k3s-dashboard/actions-runner-dashboard/.credentials_rsaparams
[2022-03-30 11:18:12Z INFO MessageListener] Message '13' received from session 'ba4e369e-73e3-46c6-9797-d5ab2f749ed1'.
[2022-03-30 11:18:12Z INFO Runner] Received job message of length 19259 from service, with hash '0259af37703e9f4a7794ecc221e00c9594822c19c2db94ecc83f9edb7f91d94f'
[2022-03-30 11:18:12Z INFO JobDispatcher] Job request 27 for plan 8c5d2843-bdc9-4d32-9eb7-e8cc40ed5a93 job 4d016ec8-1ead-5c38-aba9-ec5eff37b0ea received.
[2022-03-30 11:18:12Z INFO JobDispatcher] Pull OrchestrationId 8c5d2843-bdc9-4d32-9eb7-e8cc40ed5a93.local-runner.__default from JWT claims
[2022-03-30 11:18:12Z INFO Terminal] WRITE LINE: 2022-03-30 11:18:12Z: Running job: local-runner
[2022-03-30 11:18:12Z INFO JobDispatcher] Start renew job request 27 for job 4d016ec8-1ead-5c38-aba9-ec5eff37b0ea.
[2022-03-30 11:18:13Z INFO JobDispatcher] Successfully renew job request 27, job is valid till 03/30/2022 11:28:13
[2022-03-30 11:18:13Z INFO HostContext] Well known directory 'Bin': '/Users/dhartl/Documents/Apps/uni/k3s-dashboard/actions-runner-dashboard/bin.2.289.1'
[2022-03-30 11:18:13Z INFO ProcessInvokerWrapper] Starting process:
[2022-03-30 11:18:13Z INFO ProcessInvokerWrapper]   File name: '/Users/dhartl/Documents/Apps/uni/k3s-dashboard/actions-runner-dashboard/bin.2.289.1/Runner.Worker'
[2022-03-30 11:18:13Z INFO ProcessInvokerWrapper]   Arguments: 'spawnclient 108 111'
[2022-03-30 11:18:13Z INFO ProcessInvokerWrapper]   Working directory: '/Users/dhartl/Documents/Apps/uni/k3s-dashboard/actions-runner-dashboard/bin.2.289.1'
[2022-03-30 11:18:13Z INFO ProcessInvokerWrapper]   Require exit code zero: 'False'
[2022-03-30 11:18:13Z INFO ProcessInvokerWrapper]   Encoding web name:  ; code page: ''
[2022-03-30 11:18:13Z INFO ProcessInvokerWrapper]   Force kill process on cancellation: 'True'
[2022-03-30 11:18:13Z INFO ProcessInvokerWrapper]   Redirected STDIN: 'False'
[2022-03-30 11:18:13Z INFO ProcessInvokerWrapper]   Persist current code page: 'False'
[2022-03-30 11:18:13Z INFO ProcessInvokerWrapper]   Keep redirected STDIN open: 'False'
[2022-03-30 11:18:13Z INFO ProcessInvokerWrapper]   High priority process: 'True'
[2022-03-30 11:18:13Z INFO ProcessInvokerWrapper] Process started with process id 32309, waiting for process exit.
[2022-03-30 11:18:13Z INFO JobDispatcher] Send job request message to worker for job 4d016ec8-1ead-5c38-aba9-ec5eff37b0ea.
[2022-03-30 11:18:13Z INFO ProcessChannel] Sending message of length 19259, with hash '0259af37703e9f4a7794ecc221e00c9594822c19c2db94ecc83f9edb7f91d94f'
[2022-03-30 11:18:13Z INFO JobNotification] Entering JobStarted Notification
[2022-03-30 11:18:13Z INFO JobNotification] Entering StartMonitor
[2022-03-30 11:18:20Z INFO ProcessInvokerWrapper] STDOUT/STDERR stream read finished.
[2022-03-30 11:18:20Z INFO ProcessInvokerWrapper] STDOUT/STDERR stream read finished.
[2022-03-30 11:18:20Z INFO ProcessInvokerWrapper] Finished process 32309 with exit code 100, and elapsed time 00:00:06.7769817.
[2022-03-30 11:18:20Z INFO JobDispatcher] Worker finished for job 4d016ec8-1ead-5c38-aba9-ec5eff37b0ea. Code: 100
[2022-03-30 11:18:20Z INFO JobDispatcher] finish job request for job 4d016ec8-1ead-5c38-aba9-ec5eff37b0ea with result: Succeeded
[2022-03-30 11:18:20Z INFO Terminal] WRITE LINE: 2022-03-30 11:18:20Z: Job local-runner completed with result: Succeeded
[2022-03-30 11:18:20Z INFO JobDispatcher] Stop renew job request for job 4d016ec8-1ead-5c38-aba9-ec5eff37b0ea.
[2022-03-30 11:18:20Z INFO JobDispatcher] job renew has been cancelled, stop renew job request 27.
[2022-03-30 11:18:20Z INFO JobNotification] Entering JobCompleted Notification
[2022-03-30 11:18:20Z INFO JobNotification] Entering EndMonitor
[2022-03-30 11:48:21Z INFO MessageListener] No message retrieved from session 'ba4e369e-73e3-46c6-9797-d5ab2f749ed1' within last 30 minutes.
[2022-03-30 12:13:29Z WARN GitHubActionsService] Authentication failed with status code 401.
WWW-Authenticate: Bearer
Strict-Transport-Security: max-age=2592000
X-TFS-ProcessId: 81c95a96-65bd-44d4-94a9-b52007d6e7ef
ActivityId: 1b453140-f829-4f44-bf1c-ea9d527ef025
X-TFS-Session: 1f2fad56-5a04-4c54-b8c4-ef4dd0e909ae
X-VSS-E2EID: 3d021526-5797-4c4f-8f21-c7a5fdb1c8a5
X-VSS-SenderDeploymentId: 63be6134-28d1-8c82-e969-91f4e88fcdec
X-TFS-ServiceError: The+user+%27System%3aPublicAccess%3baaaaaaaa-aaaa-aaaa-aaaa-aaaaaaaaaaaa%27+is+not+authorized+to+access+this+resource.
X-VSS-S2STargetService: 0000005A-0000-8888-8000-000000000000/visualstudio.com
X-Cache: CONFIG_NOCACHE
X-MSEdge-Ref: Ref A: C6378FA65DE8483B873C3F836098CF83 Ref B: VIEEDGE2815 Ref C: 2022-03-30T12:13:29Z
Date: Wed, 30 Mar 2022 12:13:28 GMT

[2022-03-30 12:13:29Z INFO RSAFileKeyManager] Loading RSA key parameters from file /Users/dhartl/Documents/Apps/uni/k3s-dashboard/actions-runner-dashboard/.credentials_rsaparams
[2022-03-30 12:13:29Z INFO GitHubActionsService] AAD Correlation ID for this token request: Unknown
[2022-03-30 12:18:30Z INFO MessageListener] No message retrieved from session 'ba4e369e-73e3-46c6-9797-d5ab2f749ed1' within last 30 minutes.
[2022-03-30 12:48:38Z INFO MessageListener] No message retrieved from session 'ba4e369e-73e3-46c6-9797-d5ab2f749ed1' within last 30 minutes.
[2022-03-30 13:05:05Z WARN GitHubActionsService] GET request to https://pipelines.actions.githubusercontent.com/iMb5RnHOauK1BllZdfPpBFWUC7vgLkXw13BXA1BwDQKNxjlE1E/_apis/distributedtask/pools/1/messages?sessionId=ba4e369e-73e3-46c6-9797-d5ab2f749ed1&lastMessageId=13 timed out after 60 seconds.
[2022-03-30 13:05:05Z ERR  MessageListener] Catch exception during get next message.
[2022-03-30 13:05:05Z ERR  MessageListener] System.TimeoutException: The HTTP request timed out after 00:01:00.
 ---> System.Threading.Tasks.TaskCanceledException: The operation was canceled.
 ---> System.IO.IOException: Unable to read data from the transport connection: Operation canceled.
 ---> System.Net.Sockets.SocketException (89): Operation canceled
   --- End of inner exception stack trace ---
   at System.Net.Sockets.Socket.AwaitableSocketAsyncEventArgs.ThrowException(SocketError error, CancellationToken cancellationToken)
   at System.Net.Sockets.Socket.AwaitableSocketAsyncEventArgs.System.Threading.Tasks.Sources.IValueTaskSource<System.Int32>.GetResult(Int16 token)
   at System.Net.Security.SslStream.EnsureFullTlsFrameAsync[TIOAdapter](TIOAdapter adapter)
   at System.Net.Security.SslStream.ReadAsyncInternal[TIOAdapter](TIOAdapter adapter, Memory`1 buffer)
   at System.Net.Http.HttpConnection.SendAsyncCore(HttpRequestMessage request, Boolean async, CancellationToken cancellationToken)
   --- End of inner exception stack trace ---
   at System.Net.Http.HttpConnection.SendAsyncCore(HttpRequestMessage request, Boolean async, CancellationToken cancellationToken)
   at System.Net.Http.AuthenticationHelper.SendWithNtAuthAsync(HttpRequestMessage request, Uri authUri, Boolean async, ICredentials credentials, Boolean isProxyAuth, HttpConnection connection, HttpConnectionPool connectionPool, CancellationToken cancellationToken)
   at System.Net.Http.HttpConnectionPool.SendWithVersionDetectionAndRetryAsync(HttpRequestMessage request, Boolean async, Boolean doRequestAuth, CancellationToken cancellationToken)
   at System.Net.Http.AuthenticationHelper.SendWithAuthAsync(HttpRequestMessage request, Uri authUri, Boolean async, ICredentials credentials, Boolean preAuthenticate, Boolean isProxyAuth, Boolean doRequestAuth, HttpConnectionPool pool, CancellationToken cancellationToken)
   at System.Net.Http.DecompressionHandler.SendAsync(HttpRequestMessage request, Boolean async, CancellationToken cancellationToken)
   at GitHub.Services.Common.VssHttpMessageHandler.SendAsync(HttpRequestMessage request, CancellationToken cancellationToken)
   --- End of inner exception stack trace ---
   at GitHub.Services.Common.VssHttpMessageHandler.SendAsync(HttpRequestMessage request, CancellationToken cancellationToken)
   at GitHub.Services.Common.VssHttpRetryMessageHandler.SendAsync(HttpRequestMessage request, CancellationToken cancellationToken)
   at System.Net.Http.HttpClient.<SendAsync>g__Core|83_0(HttpRequestMessage request, HttpCompletionOption completionOption, CancellationTokenSource cts, Boolean disposeCts, CancellationTokenSource pendingRequestsCts, CancellationToken originalCancellationToken)
   at GitHub.Services.WebApi.VssHttpClientBase.SendAsync(HttpRequestMessage message, HttpCompletionOption completionOption, Object userState, CancellationToken cancellationToken)
   at GitHub.Services.WebApi.VssHttpClientBase.SendAsync[T](HttpRequestMessage message, Object userState, CancellationToken cancellationToken)
   at GitHub.Services.WebApi.VssHttpClientBase.SendAsync[T](HttpMethod method, IEnumerable`1 additionalHeaders, Guid locationId, Object routeValues, ApiResourceVersion version, HttpContent content, IEnumerable`1 queryParameters, Object userState, CancellationToken cancellationToken)
   at GitHub.Runner.Listener.MessageListener.GetNextMessageAsync(CancellationToken token)
[2022-03-30 13:05:05Z ERR  MessageListener] #####################################################
[2022-03-30 13:05:05Z ERR  MessageListener] System.Threading.Tasks.TaskCanceledException: The operation was canceled.
 ---> System.IO.IOException: Unable to read data from the transport connection: Operation canceled.
 ---> System.Net.Sockets.SocketException (89): Operation canceled
   --- End of inner exception stack trace ---
   at System.Net.Sockets.Socket.AwaitableSocketAsyncEventArgs.ThrowException(SocketError error, CancellationToken cancellationToken)
   at System.Net.Sockets.Socket.AwaitableSocketAsyncEventArgs.System.Threading.Tasks.Sources.IValueTaskSource<System.Int32>.GetResult(Int16 token)
   at System.Net.Security.SslStream.EnsureFullTlsFrameAsync[TIOAdapter](TIOAdapter adapter)
   at System.Net.Security.SslStream.ReadAsyncInternal[TIOAdapter](TIOAdapter adapter, Memory`1 buffer)
   at System.Net.Http.HttpConnection.SendAsyncCore(HttpRequestMessage request, Boolean async, CancellationToken cancellationToken)
   --- End of inner exception stack trace ---
   at System.Net.Http.HttpConnection.SendAsyncCore(HttpRequestMessage request, Boolean async, CancellationToken cancellationToken)
   at System.Net.Http.AuthenticationHelper.SendWithNtAuthAsync(HttpRequestMessage request, Uri authUri, Boolean async, ICredentials credentials, Boolean isProxyAuth, HttpConnection connection, HttpConnectionPool connectionPool, CancellationToken cancellationToken)
   at System.Net.Http.HttpConnectionPool.SendWithVersionDetectionAndRetryAsync(HttpRequestMessage request, Boolean async, Boolean doRequestAuth, CancellationToken cancellationToken)
   at System.Net.Http.AuthenticationHelper.SendWithAuthAsync(HttpRequestMessage request, Uri authUri, Boolean async, ICredentials credentials, Boolean preAuthenticate, Boolean isProxyAuth, Boolean doRequestAuth, HttpConnectionPool pool, CancellationToken cancellationToken)
   at System.Net.Http.DecompressionHandler.SendAsync(HttpRequestMessage request, Boolean async, CancellationToken cancellationToken)
   at GitHub.Services.Common.VssHttpMessageHandler.SendAsync(HttpRequestMessage request, CancellationToken cancellationToken)
[2022-03-30 13:05:05Z ERR  MessageListener] #####################################################
[2022-03-30 13:05:05Z ERR  MessageListener] System.IO.IOException: Unable to read data from the transport connection: Operation canceled.
 ---> System.Net.Sockets.SocketException (89): Operation canceled
   --- End of inner exception stack trace ---
   at System.Net.Sockets.Socket.AwaitableSocketAsyncEventArgs.ThrowException(SocketError error, CancellationToken cancellationToken)
   at System.Net.Sockets.Socket.AwaitableSocketAsyncEventArgs.System.Threading.Tasks.Sources.IValueTaskSource<System.Int32>.GetResult(Int16 token)
   at System.Net.Security.SslStream.EnsureFullTlsFrameAsync[TIOAdapter](TIOAdapter adapter)
   at System.Net.Security.SslStream.ReadAsyncInternal[TIOAdapter](TIOAdapter adapter, Memory`1 buffer)
   at System.Net.Http.HttpConnection.SendAsyncCore(HttpRequestMessage request, Boolean async, CancellationToken cancellationToken)
[2022-03-30 13:05:05Z ERR  MessageListener] #####################################################
[2022-03-30 13:05:05Z ERR  MessageListener] System.Net.Sockets.SocketException (89): Operation canceled
[2022-03-30 13:05:05Z INFO MessageListener] Retriable exception: The HTTP request timed out after 00:01:00.
[2022-03-30 13:05:05Z ERR  Terminal] WRITE ERROR: 2022-03-30 13:05:05Z: Runner connect error: The HTTP request timed out after 00:01:00.. Retrying until reconnected.
[2022-03-30 13:05:05Z INFO RunnerServer] Refresh MessageQueue VssConnection to get on a different AFD node.
[2022-03-30 13:05:05Z INFO RunnerServer] Establish connection with 60 seconds timeout.
[2022-03-30 13:05:05Z INFO GitHubActionsService] Starting operation Location.GetConnectionData
[2022-03-30 13:05:06Z INFO GitHubActionsService] Finished operation Location.GetConnectionData
[2022-03-30 13:05:06Z INFO MessageListener] Sleeping for 25.893 seconds before retrying.
[2022-03-30 13:06:22Z INFO Terminal] WRITE LINE: 2022-03-30 13:06:22Z: Runner reconnected.
[2022-03-30 13:08:53Z WARN GitHubActionsService] Authentication failed with status code 401.
WWW-Authenticate: Bearer
Strict-Transport-Security: max-age=2592000
X-TFS-ProcessId: 80288a8f-e561-46fb-8eac-4da23e6c411b
ActivityId: fb7230be-4f3b-43bb-a099-6315a69712aa
X-TFS-Session: 1f2fad56-5a04-4c54-b8c4-ef4dd0e909ae
X-VSS-E2EID: e8d6e128-e676-4990-bb17-627d6e808b0c
X-VSS-SenderDeploymentId: 63be6134-28d1-8c82-e969-91f4e88fcdec
X-TFS-ServiceError: The+user+%27System%3aPublicAccess%3baaaaaaaa-aaaa-aaaa-aaaa-aaaaaaaaaaaa%27+is+not+authorized+to+access+this+resource.
X-VSS-S2STargetService: 0000005A-0000-8888-8000-000000000000/visualstudio.com
X-Cache: CONFIG_NOCACHE
X-MSEdge-Ref: Ref A: 7F087A173E1D4D5DA4083E3393980CA4 Ref B: DUS30EDGE0922 Ref C: 2022-03-30T13:08:53Z
Date: Wed, 30 Mar 2022 13:08:52 GMT

[2022-03-30 13:08:53Z INFO RSAFileKeyManager] Loading RSA key parameters from file /Users/dhartl/Documents/Apps/uni/k3s-dashboard/actions-runner-dashboard/.credentials_rsaparams
[2022-03-30 13:08:53Z INFO GitHubActionsService] AAD Correlation ID for this token request: Unknown
[2022-03-30 13:22:17Z INFO MessageListener] No message retrieved from session 'ba4e369e-73e3-46c6-9797-d5ab2f749ed1' within last 30 minutes.
[2022-03-30 13:52:23Z INFO MessageListener] No message retrieved from session 'ba4e369e-73e3-46c6-9797-d5ab2f749ed1' within last 30 minutes.
[2022-03-30 14:04:06Z WARN GitHubActionsService] Authentication failed with status code 401.
WWW-Authenticate: Bearer
Strict-Transport-Security: max-age=2592000
X-TFS-ProcessId: e9f5f8e0-f321-415a-b688-17be02643727
ActivityId: 669256ea-f381-485a-8489-1e8dc027dc3d
X-TFS-Session: 1f2fad56-5a04-4c54-b8c4-ef4dd0e909ae
X-VSS-E2EID: 93b8eec9-8893-4425-b11c-7b358347b50e
X-VSS-SenderDeploymentId: 63be6134-28d1-8c82-e969-91f4e88fcdec
X-TFS-ServiceError: The+user+%27System%3aPublicAccess%3baaaaaaaa-aaaa-aaaa-aaaa-aaaaaaaaaaaa%27+is+not+authorized+to+access+this+resource.
X-VSS-S2STargetService: 0000005A-0000-8888-8000-000000000000/visualstudio.com
X-Cache: CONFIG_NOCACHE
X-MSEdge-Ref: Ref A: 4BAA3C10D7674788ACE8EE8F1683B90A Ref B: DUS30EDGE0922 Ref C: 2022-03-30T14:04:06Z
Date: Wed, 30 Mar 2022 14:04:05 GMT

[2022-03-30 14:04:06Z INFO RSAFileKeyManager] Loading RSA key parameters from file /Users/dhartl/Documents/Apps/uni/k3s-dashboard/actions-runner-dashboard/.credentials_rsaparams
[2022-03-30 14:04:06Z INFO GitHubActionsService] AAD Correlation ID for this token request: Unknown
