[2022-04-12 12:11:23Z INFO HostContext] No proxy settings were found based on environmental variables (http_proxy/https_proxy/HTTP_PROXY/HTTPS_PROXY)
[2022-04-12 12:11:23Z INFO HostContext] Well known directory 'Bin': '/Users/dhartl/Documents/Apps/uni/k3s-dashboard/actions-runner-dashboard/bin.2.289.2'
[2022-04-12 12:11:23Z INFO HostContext] Well known directory 'Root': '/Users/dhartl/Documents/Apps/uni/k3s-dashboard/actions-runner-dashboard'
[2022-04-12 12:11:23Z INFO HostContext] Well known config file 'Credentials': '/Users/dhartl/Documents/Apps/uni/k3s-dashboard/actions-runner-dashboard/.credentials'
[2022-04-12 12:11:24Z INFO HostContext] Well known directory 'Bin': '/Users/dhartl/Documents/Apps/uni/k3s-dashboard/actions-runner-dashboard/bin.2.289.2'
[2022-04-12 12:11:24Z INFO HostContext] Well known directory 'Root': '/Users/dhartl/Documents/Apps/uni/k3s-dashboard/actions-runner-dashboard'
[2022-04-12 12:11:24Z INFO HostContext] Well known config file 'Runner': '/Users/dhartl/Documents/Apps/uni/k3s-dashboard/actions-runner-dashboard/.runner'
[2022-04-12 12:11:24Z INFO Listener] Runner is built for OSX (X64) - osx-x64.
[2022-04-12 12:11:24Z INFO Listener] RuntimeInformation: Darwin 21.3.0 Darwin Kernel Version 21.3.0: Wed Jan  5 21:37:58 PST 2022; root:xnu-8019.80.24~20/RELEASE_ARM64_T8101.
[2022-04-12 12:11:24Z INFO Listener] Version: 2.289.2
[2022-04-12 12:11:24Z INFO Listener] Commit: 529e404063bef464e93475d93affe93f97080dd1
[2022-04-12 12:11:24Z INFO Listener] Culture: en-GB
[2022-04-12 12:11:24Z INFO Listener] UI Culture: en-GB
[2022-04-12 12:11:24Z INFO HostContext] Well known directory 'Bin': '/Users/dhartl/Documents/Apps/uni/k3s-dashboard/actions-runner-dashboard/bin.2.289.2'
[2022-04-12 12:11:24Z INFO HostContext] Well known directory 'Root': '/Users/dhartl/Documents/Apps/uni/k3s-dashboard/actions-runner-dashboard'
[2022-04-12 12:11:24Z INFO Listener] Validating directory permissions for: '/Users/dhartl/Documents/Apps/uni/k3s-dashboard/actions-runner-dashboard'
[2022-04-12 12:11:25Z INFO CommandLineParser] Parse
[2022-04-12 12:11:25Z INFO CommandLineParser] Parsing 1 args
[2022-04-12 12:11:25Z INFO CommandLineParser] parsing argument
[2022-04-12 12:11:25Z INFO CommandLineParser] HasArgs: False
[2022-04-12 12:11:25Z INFO CommandLineParser] Adding Command: run
[2022-04-12 12:11:25Z INFO Listener] Arguments parsed
[2022-04-12 12:11:25Z INFO Runner] ExecuteCommand
[2022-04-12 12:11:25Z INFO ConfigurationStore] currentAssemblyLocation: /Users/dhartl/Documents/Apps/uni/k3s-dashboard/actions-runner-dashboard/bin.2.289.2/Runner.Listener.dll
[2022-04-12 12:11:25Z INFO HostContext] Well known directory 'Bin': '/Users/dhartl/Documents/Apps/uni/k3s-dashboard/actions-runner-dashboard/bin.2.289.2'
[2022-04-12 12:11:25Z INFO ConfigurationStore] binPath: /Users/dhartl/Documents/Apps/uni/k3s-dashboard/actions-runner-dashboard/bin.2.289.2
[2022-04-12 12:11:25Z INFO HostContext] Well known directory 'Bin': '/Users/dhartl/Documents/Apps/uni/k3s-dashboard/actions-runner-dashboard/bin.2.289.2'
[2022-04-12 12:11:25Z INFO HostContext] Well known directory 'Root': '/Users/dhartl/Documents/Apps/uni/k3s-dashboard/actions-runner-dashboard'
[2022-04-12 12:11:25Z INFO ConfigurationStore] RootFolder: /Users/dhartl/Documents/Apps/uni/k3s-dashboard/actions-runner-dashboard
[2022-04-12 12:11:25Z INFO HostContext] Well known directory 'Bin': '/Users/dhartl/Documents/Apps/uni/k3s-dashboard/actions-runner-dashboard/bin.2.289.2'
[2022-04-12 12:11:25Z INFO HostContext] Well known directory 'Root': '/Users/dhartl/Documents/Apps/uni/k3s-dashboard/actions-runner-dashboard'
[2022-04-12 12:11:25Z INFO HostContext] Well known config file 'Runner': '/Users/dhartl/Documents/Apps/uni/k3s-dashboard/actions-runner-dashboard/.runner'
[2022-04-12 12:11:25Z INFO ConfigurationStore] ConfigFilePath: /Users/dhartl/Documents/Apps/uni/k3s-dashboard/actions-runner-dashboard/.runner
[2022-04-12 12:11:25Z INFO HostContext] Well known directory 'Bin': '/Users/dhartl/Documents/Apps/uni/k3s-dashboard/actions-runner-dashboard/bin.2.289.2'
[2022-04-12 12:11:25Z INFO HostContext] Well known directory 'Root': '/Users/dhartl/Documents/Apps/uni/k3s-dashboard/actions-runner-dashboard'
[2022-04-12 12:11:25Z INFO HostContext] Well known config file 'Credentials': '/Users/dhartl/Documents/Apps/uni/k3s-dashboard/actions-runner-dashboard/.credentials'
[2022-04-12 12:11:25Z INFO ConfigurationStore] CredFilePath: /Users/dhartl/Documents/Apps/uni/k3s-dashboard/actions-runner-dashboard/.credentials
[2022-04-12 12:11:25Z INFO HostContext] Well known directory 'Bin': '/Users/dhartl/Documents/Apps/uni/k3s-dashboard/actions-runner-dashboard/bin.2.289.2'
[2022-04-12 12:11:25Z INFO HostContext] Well known directory 'Root': '/Users/dhartl/Documents/Apps/uni/k3s-dashboard/actions-runner-dashboard'
[2022-04-12 12:11:25Z INFO HostContext] Well known config file 'MigratedCredentials': '/Users/dhartl/Documents/Apps/uni/k3s-dashboard/actions-runner-dashboard/.credentials_migrated'
[2022-04-12 12:11:25Z INFO ConfigurationStore] MigratedCredFilePath: /Users/dhartl/Documents/Apps/uni/k3s-dashboard/actions-runner-dashboard/.credentials_migrated
[2022-04-12 12:11:25Z INFO HostContext] Well known directory 'Bin': '/Users/dhartl/Documents/Apps/uni/k3s-dashboard/actions-runner-dashboard/bin.2.289.2'
[2022-04-12 12:11:25Z INFO HostContext] Well known directory 'Root': '/Users/dhartl/Documents/Apps/uni/k3s-dashboard/actions-runner-dashboard'
[2022-04-12 12:11:25Z INFO HostContext] Well known config file 'Service': '/Users/dhartl/Documents/Apps/uni/k3s-dashboard/actions-runner-dashboard/.service'
[2022-04-12 12:11:25Z INFO ConfigurationStore] ServiceConfigFilePath: /Users/dhartl/Documents/Apps/uni/k3s-dashboard/actions-runner-dashboard/.service
[2022-04-12 12:11:25Z INFO CommandSettings] Flag 'help': 'False'
[2022-04-12 12:11:25Z INFO CommandSettings] Flag 'version': 'False'
[2022-04-12 12:11:25Z INFO CommandSettings] Flag 'commit': 'False'
[2022-04-12 12:11:25Z INFO CommandSettings] Flag 'check': 'False'
[2022-04-12 12:11:25Z INFO CommandSettings] Command 'configure': 'False'
[2022-04-12 12:11:25Z INFO CommandSettings] Command 'remove': 'False'
[2022-04-12 12:11:25Z INFO CommandSettings] Command 'warmup': 'False'
[2022-04-12 12:11:25Z INFO ConfigurationManager] LoadSettings
[2022-04-12 12:11:25Z INFO ConfigurationStore] IsConfigured()
[2022-04-12 12:11:25Z INFO ConfigurationStore] IsConfigured: True
[2022-04-12 12:11:25Z INFO ConfigurationManager] Is configured: True
[2022-04-12 12:11:25Z INFO ConfigurationStore] Read setting file: 296 chars
[2022-04-12 12:11:25Z INFO ConfigurationManager] Settings Loaded
[2022-04-12 12:11:25Z INFO ConfigurationStore] IsServiceConfigured()
[2022-04-12 12:11:25Z INFO ConfigurationStore] IsServiceConfigured: False
[2022-04-12 12:11:25Z INFO CommandSettings] Command 'run': 'True'
[2022-04-12 12:11:25Z INFO ConfigurationStore] IsConfigured()
[2022-04-12 12:11:25Z INFO ConfigurationStore] IsConfigured: True
[2022-04-12 12:11:25Z INFO ConfigurationManager] Is configured: True
[2022-04-12 12:11:25Z INFO Runner] Could not parse the argument value '' for StartupType. Defaulting to Manual
[2022-04-12 12:11:25Z INFO Runner] Set runner startup type - Manual
[2022-04-12 12:11:25Z INFO CommandSettings] Flag 'once': 'False'
[2022-04-12 12:11:25Z INFO CommandSettings] Flag 'once': 'False'
[2022-04-12 12:11:25Z INFO Runner] RunAsync
[2022-04-12 12:11:25Z INFO ConfigurationManager] LoadSettings
[2022-04-12 12:11:25Z INFO ConfigurationStore] IsConfigured()
[2022-04-12 12:11:25Z INFO ConfigurationStore] IsConfigured: True
[2022-04-12 12:11:25Z INFO ConfigurationManager] Is configured: True
[2022-04-12 12:11:25Z INFO ConfigurationManager] Settings Loaded
[2022-04-12 12:11:25Z INFO MessageListener] {
  "AgentId": 2,
  "AgentName": "dashboard-runner",
  "PoolId": 1,
  "PoolName": "Default",
  "ServerUrl": "https://pipelines.actions.githubusercontent.com/iMb5RnHOauK1BllZdfPpBFWUC7vgLkXw13BXA1BwDQKNxjlE1E",
  "GitHubUrl": "https://github.com/Dominik23/k3s-dashboard",
  "WorkFolder": "_work"
}
[2022-04-12 12:11:25Z INFO MessageListener] Loading Credentials
[2022-04-12 12:11:25Z INFO ConfigurationStore] HasCredentials()
[2022-04-12 12:11:25Z INFO ConfigurationStore] stored True
[2022-04-12 12:11:25Z INFO CredentialManager] GetCredentialProvider
[2022-04-12 12:11:25Z INFO CredentialManager] Creating type OAuth
[2022-04-12 12:11:25Z INFO CredentialManager] Creating credential type: OAuth
[2022-04-12 12:11:25Z INFO HostContext] Well known directory 'Bin': '/Users/dhartl/Documents/Apps/uni/k3s-dashboard/actions-runner-dashboard/bin.2.289.2'
[2022-04-12 12:11:25Z INFO HostContext] Well known directory 'Root': '/Users/dhartl/Documents/Apps/uni/k3s-dashboard/actions-runner-dashboard'
[2022-04-12 12:11:25Z INFO HostContext] Well known config file 'RSACredentials': '/Users/dhartl/Documents/Apps/uni/k3s-dashboard/actions-runner-dashboard/.credentials_rsaparams'
[2022-04-12 12:11:25Z INFO RSAFileKeyManager] Loading RSA key parameters from file /Users/dhartl/Documents/Apps/uni/k3s-dashboard/actions-runner-dashboard/.credentials_rsaparams
[2022-04-12 12:11:25Z INFO MessageListener] Attempt to create session.
[2022-04-12 12:11:25Z INFO MessageListener] Connecting to the Runner Server...
[2022-04-12 12:11:25Z INFO RunnerServer] Establish connection with 100 seconds timeout.
[2022-04-12 12:11:26Z INFO GitHubActionsService] Starting operation Location.GetConnectionData
[2022-04-12 12:11:26Z INFO RunnerServer] Establish connection with 60 seconds timeout.
[2022-04-12 12:11:26Z INFO GitHubActionsService] Starting operation Location.GetConnectionData
[2022-04-12 12:11:26Z INFO RunnerServer] Establish connection with 60 seconds timeout.
[2022-04-12 12:11:26Z INFO GitHubActionsService] Starting operation Location.GetConnectionData
[2022-04-12 12:11:27Z INFO GitHubActionsService] Finished operation Location.GetConnectionData
[2022-04-12 12:11:27Z INFO GitHubActionsService] Finished operation Location.GetConnectionData
[2022-04-12 12:11:27Z INFO GitHubActionsService] Finished operation Location.GetConnectionData
[2022-04-12 12:11:28Z INFO MessageListener] VssConnection created
[2022-04-12 12:11:28Z INFO Terminal] WRITE LINE: 
[2022-04-12 12:11:28Z INFO Terminal] WRITE LINE: 
[2022-04-12 12:11:28Z WARN GitHubActionsService] Authentication failed with status code 401.
Transfer-Encoding: chunked
WWW-Authenticate: Bearer
Strict-Transport-Security: max-age=2592000
X-TFS-ProcessId: 657c5eb0-82b4-4431-9a26-cc333407ef5b
ActivityId: 84b51361-c0aa-4523-8d05-9b31e2d14eb5
X-TFS-Session: cdd1be05-0111-42ad-ae7d-f2212cf062fb
X-VSS-E2EID: 79692bde-adec-4663-bcd2-9af3858ff88e
X-VSS-SenderDeploymentId: 63be6134-28d1-8c82-e969-91f4e88fcdec
X-TFS-ServiceError: The+user+%27System%3aPublicAccess%3baaaaaaaa-aaaa-aaaa-aaaa-aaaaaaaaaaaa%27+is+not+authorized+to+access+this+resource.
X-VSS-S2STargetService: 0000005A-0000-8888-8000-000000000000/visualstudio.com
X-Cache: CONFIG_NOCACHE
X-MSEdge-Ref: Ref A: 32F3BFA85B2C465A8E1E0DBE1BF516D6 Ref B: DUS30EDGE0912 Ref C: 2022-04-12T12:11:28Z
Date: Tue, 12 Apr 2022 12:11:28 GMT

[2022-04-12 12:11:28Z INFO RSAFileKeyManager] Loading RSA key parameters from file /Users/dhartl/Documents/Apps/uni/k3s-dashboard/actions-runner-dashboard/.credentials_rsaparams
[2022-04-12 12:11:28Z INFO RSAFileKeyManager] Loading RSA key parameters from file /Users/dhartl/Documents/Apps/uni/k3s-dashboard/actions-runner-dashboard/.credentials_rsaparams
[2022-04-12 12:11:29Z INFO GitHubActionsService] AAD Correlation ID for this token request: Unknown
[2022-04-12 12:11:29Z INFO MessageListener] Session created.
[2022-04-12 12:11:29Z INFO Terminal] WRITE LINE: Current runner version: '2.289.2'
[2022-04-12 12:11:29Z INFO Terminal] WRITE LINE: 2022-04-12 12:11:29Z: Listening for Jobs
[2022-04-12 12:11:29Z INFO JobDispatcher] Set runner/worker IPC timeout to 30 seconds.
[2022-04-12 12:12:50Z INFO RSAFileKeyManager] Loading RSA key parameters from file /Users/dhartl/Documents/Apps/uni/k3s-dashboard/actions-runner-dashboard/.credentials_rsaparams
[2022-04-12 12:12:50Z INFO MessageListener] Message '15' received from session 'c641b3e9-fbd6-4430-bbe1-769667962ce3'.
[2022-04-12 12:12:50Z INFO Runner] Received job message of length 19859 from service, with hash '554fb21ce7d7067ac58ee0584ceedb440d523136b18fe1fbe95ace0cfd97eec8'
[2022-04-12 12:12:50Z INFO JobDispatcher] Job request 29 for plan ab82e93f-5b56-4eba-a908-7bbee9b221c4 job 4d016ec8-1ead-5c38-aba9-ec5eff37b0ea received.
[2022-04-12 12:12:50Z INFO JobDispatcher] Pull OrchestrationId ab82e93f-5b56-4eba-a908-7bbee9b221c4.local-runner.__default from JWT claims
[2022-04-12 12:12:50Z INFO Terminal] WRITE LINE: 2022-04-12 12:12:50Z: Running job: local-runner
[2022-04-12 12:12:50Z INFO JobDispatcher] Start renew job request 29 for job 4d016ec8-1ead-5c38-aba9-ec5eff37b0ea.
[2022-04-12 12:12:51Z INFO JobDispatcher] Successfully renew job request 29, job is valid till 12/04/2022 12:22:51
[2022-04-12 12:12:51Z INFO HostContext] Well known directory 'Bin': '/Users/dhartl/Documents/Apps/uni/k3s-dashboard/actions-runner-dashboard/bin.2.289.2'
[2022-04-12 12:12:51Z INFO ProcessInvokerWrapper] Starting process:
[2022-04-12 12:12:51Z INFO ProcessInvokerWrapper]   File name: '/Users/dhartl/Documents/Apps/uni/k3s-dashboard/actions-runner-dashboard/bin.2.289.2/Runner.Worker'
[2022-04-12 12:12:51Z INFO ProcessInvokerWrapper]   Arguments: 'spawnclient 112 115'
[2022-04-12 12:12:51Z INFO ProcessInvokerWrapper]   Working directory: '/Users/dhartl/Documents/Apps/uni/k3s-dashboard/actions-runner-dashboard/bin.2.289.2'
[2022-04-12 12:12:51Z INFO ProcessInvokerWrapper]   Require exit code zero: 'False'
[2022-04-12 12:12:51Z INFO ProcessInvokerWrapper]   Encoding web name:  ; code page: ''
[2022-04-12 12:12:51Z INFO ProcessInvokerWrapper]   Force kill process on cancellation: 'True'
[2022-04-12 12:12:51Z INFO ProcessInvokerWrapper]   Redirected STDIN: 'False'
[2022-04-12 12:12:51Z INFO ProcessInvokerWrapper]   Persist current code page: 'False'
[2022-04-12 12:12:51Z INFO ProcessInvokerWrapper]   Keep redirected STDIN open: 'False'
[2022-04-12 12:12:51Z INFO ProcessInvokerWrapper]   High priority process: 'True'
[2022-04-12 12:12:51Z INFO ProcessInvokerWrapper] Process started with process id 13163, waiting for process exit.
[2022-04-12 12:12:51Z INFO JobDispatcher] Send job request message to worker for job 4d016ec8-1ead-5c38-aba9-ec5eff37b0ea.
[2022-04-12 12:12:51Z INFO ProcessChannel] Sending message of length 19859, with hash '554fb21ce7d7067ac58ee0584ceedb440d523136b18fe1fbe95ace0cfd97eec8'
[2022-04-12 12:12:51Z INFO JobNotification] Entering JobStarted Notification
[2022-04-12 12:12:51Z INFO JobNotification] Entering StartMonitor
[2022-04-12 12:12:59Z INFO ProcessInvokerWrapper] STDOUT/STDERR stream read finished.
[2022-04-12 12:12:59Z INFO ProcessInvokerWrapper] STDOUT/STDERR stream read finished.
[2022-04-12 12:12:59Z INFO ProcessInvokerWrapper] Finished process 13163 with exit code 100, and elapsed time 00:00:07.4903011.
[2022-04-12 12:12:59Z INFO JobDispatcher] Worker finished for job 4d016ec8-1ead-5c38-aba9-ec5eff37b0ea. Code: 100
[2022-04-12 12:12:59Z INFO JobDispatcher] finish job request for job 4d016ec8-1ead-5c38-aba9-ec5eff37b0ea with result: Succeeded
[2022-04-12 12:12:59Z INFO Terminal] WRITE LINE: 2022-04-12 12:12:59Z: Job local-runner completed with result: Succeeded
[2022-04-12 12:12:59Z INFO JobDispatcher] Stop renew job request for job 4d016ec8-1ead-5c38-aba9-ec5eff37b0ea.
[2022-04-12 12:12:59Z INFO JobDispatcher] job renew has been cancelled, stop renew job request 29.
[2022-04-12 12:12:59Z INFO JobNotification] Entering JobCompleted Notification
[2022-04-12 12:12:59Z INFO JobNotification] Entering EndMonitor
[2022-04-12 12:43:47Z WARN GitHubActionsService] GET request to https://pipelines.actions.githubusercontent.com/iMb5RnHOauK1BllZdfPpBFWUC7vgLkXw13BXA1BwDQKNxjlE1E/_apis/distributedtask/pools/1/messages?sessionId=c641b3e9-fbd6-4430-bbe1-769667962ce3&lastMessageId=15 timed out after 60 seconds.
[2022-04-12 12:43:47Z ERR  MessageListener] Catch exception during get next message.
[2022-04-12 12:43:47Z ERR  MessageListener] System.TimeoutException: The HTTP request timed out after 00:01:00.
 ---> System.Threading.Tasks.TaskCanceledException: The operation was canceled.
 ---> System.IO.IOException: Unable to read data from the transport connection: Operation canceled.
 ---> System.Net.Sockets.SocketException (89): Operation canceled
   --- End of inner exception stack trace ---
   at System.Net.Sockets.Socket.AwaitableSocketAsyncEventArgs.ThrowException(SocketError error, CancellationToken cancellationToken)
   at System.Net.Sockets.Socket.AwaitableSocketAsyncEventArgs.System.Threading.Tasks.Sources.IValueTaskSource<System.Int32>.GetResult(Int16 token)
   at System.Net.Security.SslStream.EnsureFullTlsFrameAsync[TIOAdapter](TIOAdapter adapter)
   at System.Net.Security.SslStream.ReadAsyncInternal[TIOAdapter](TIOAdapter adapter, Memory`1 buffer)
   at System.Net.Http.HttpConnection.SendAsyncCore(HttpRequestMessage request, Boolean async, CancellationToken cancellationToken)
   --- End of inner exception stack trace ---
   at System.Net.Http.HttpConnection.SendAsyncCore(HttpRequestMessage request, Boolean async, CancellationToken cancellationToken)
   at System.Net.Http.AuthenticationHelper.SendWithNtAuthAsync(HttpRequestMessage request, Uri authUri, Boolean async, ICredentials credentials, Boolean isProxyAuth, HttpConnection connection, HttpConnectionPool connectionPool, CancellationToken cancellationToken)
   at System.Net.Http.HttpConnectionPool.SendWithVersionDetectionAndRetryAsync(HttpRequestMessage request, Boolean async, Boolean doRequestAuth, CancellationToken cancellationToken)
   at System.Net.Http.AuthenticationHelper.SendWithAuthAsync(HttpRequestMessage request, Uri authUri, Boolean async, ICredentials credentials, Boolean preAuthenticate, Boolean isProxyAuth, Boolean doRequestAuth, HttpConnectionPool pool, CancellationToken cancellationToken)
   at System.Net.Http.DecompressionHandler.SendAsync(HttpRequestMessage request, Boolean async, CancellationToken cancellationToken)
   at GitHub.Services.Common.VssHttpMessageHandler.SendAsync(HttpRequestMessage request, CancellationToken cancellationToken)
   --- End of inner exception stack trace ---
   at GitHub.Services.Common.VssHttpMessageHandler.SendAsync(HttpRequestMessage request, CancellationToken cancellationToken)
   at GitHub.Services.Common.VssHttpRetryMessageHandler.SendAsync(HttpRequestMessage request, CancellationToken cancellationToken)
   at System.Net.Http.HttpClient.<SendAsync>g__Core|83_0(HttpRequestMessage request, HttpCompletionOption completionOption, CancellationTokenSource cts, Boolean disposeCts, CancellationTokenSource pendingRequestsCts, CancellationToken originalCancellationToken)
   at GitHub.Services.WebApi.VssHttpClientBase.SendAsync(HttpRequestMessage message, HttpCompletionOption completionOption, Object userState, CancellationToken cancellationToken)
   at GitHub.Services.WebApi.VssHttpClientBase.SendAsync[T](HttpRequestMessage message, Object userState, CancellationToken cancellationToken)
   at GitHub.Services.WebApi.VssHttpClientBase.SendAsync[T](HttpMethod method, IEnumerable`1 additionalHeaders, Guid locationId, Object routeValues, ApiResourceVersion version, HttpContent content, IEnumerable`1 queryParameters, Object userState, CancellationToken cancellationToken)
   at GitHub.Runner.Listener.MessageListener.GetNextMessageAsync(CancellationToken token)
[2022-04-12 12:43:47Z ERR  MessageListener] #####################################################
[2022-04-12 12:43:47Z ERR  MessageListener] System.Threading.Tasks.TaskCanceledException: The operation was canceled.
 ---> System.IO.IOException: Unable to read data from the transport connection: Operation canceled.
 ---> System.Net.Sockets.SocketException (89): Operation canceled
   --- End of inner exception stack trace ---
   at System.Net.Sockets.Socket.AwaitableSocketAsyncEventArgs.ThrowException(SocketError error, CancellationToken cancellationToken)
   at System.Net.Sockets.Socket.AwaitableSocketAsyncEventArgs.System.Threading.Tasks.Sources.IValueTaskSource<System.Int32>.GetResult(Int16 token)
   at System.Net.Security.SslStream.EnsureFullTlsFrameAsync[TIOAdapter](TIOAdapter adapter)
   at System.Net.Security.SslStream.ReadAsyncInternal[TIOAdapter](TIOAdapter adapter, Memory`1 buffer)
   at System.Net.Http.HttpConnection.SendAsyncCore(HttpRequestMessage request, Boolean async, CancellationToken cancellationToken)
   --- End of inner exception stack trace ---
   at System.Net.Http.HttpConnection.SendAsyncCore(HttpRequestMessage request, Boolean async, CancellationToken cancellationToken)
   at System.Net.Http.AuthenticationHelper.SendWithNtAuthAsync(HttpRequestMessage request, Uri authUri, Boolean async, ICredentials credentials, Boolean isProxyAuth, HttpConnection connection, HttpConnectionPool connectionPool, CancellationToken cancellationToken)
   at System.Net.Http.HttpConnectionPool.SendWithVersionDetectionAndRetryAsync(HttpRequestMessage request, Boolean async, Boolean doRequestAuth, CancellationToken cancellationToken)
   at System.Net.Http.AuthenticationHelper.SendWithAuthAsync(HttpRequestMessage request, Uri authUri, Boolean async, ICredentials credentials, Boolean preAuthenticate, Boolean isProxyAuth, Boolean doRequestAuth, HttpConnectionPool pool, CancellationToken cancellationToken)
   at System.Net.Http.DecompressionHandler.SendAsync(HttpRequestMessage request, Boolean async, CancellationToken cancellationToken)
   at GitHub.Services.Common.VssHttpMessageHandler.SendAsync(HttpRequestMessage request, CancellationToken cancellationToken)
[2022-04-12 12:43:47Z ERR  MessageListener] #####################################################
[2022-04-12 12:43:47Z ERR  MessageListener] System.IO.IOException: Unable to read data from the transport connection: Operation canceled.
 ---> System.Net.Sockets.SocketException (89): Operation canceled
   --- End of inner exception stack trace ---
   at System.Net.Sockets.Socket.AwaitableSocketAsyncEventArgs.ThrowException(SocketError error, CancellationToken cancellationToken)
   at System.Net.Sockets.Socket.AwaitableSocketAsyncEventArgs.System.Threading.Tasks.Sources.IValueTaskSource<System.Int32>.GetResult(Int16 token)
   at System.Net.Security.SslStream.EnsureFullTlsFrameAsync[TIOAdapter](TIOAdapter adapter)
   at System.Net.Security.SslStream.ReadAsyncInternal[TIOAdapter](TIOAdapter adapter, Memory`1 buffer)
   at System.Net.Http.HttpConnection.SendAsyncCore(HttpRequestMessage request, Boolean async, CancellationToken cancellationToken)
[2022-04-12 12:43:47Z ERR  MessageListener] #####################################################
[2022-04-12 12:43:47Z ERR  MessageListener] System.Net.Sockets.SocketException (89): Operation canceled
[2022-04-12 12:43:47Z INFO MessageListener] Retriable exception: The HTTP request timed out after 00:01:00.
[2022-04-12 12:43:47Z ERR  Terminal] WRITE ERROR: 2022-04-12 12:43:47Z: Runner connect error: The HTTP request timed out after 00:01:00.. Retrying until reconnected.
[2022-04-12 12:43:47Z INFO RunnerServer] Refresh MessageQueue VssConnection to get on a different AFD node.
[2022-04-12 12:43:47Z INFO RunnerServer] Establish connection with 60 seconds timeout.
[2022-04-12 12:43:47Z INFO GitHubActionsService] Starting operation Location.GetConnectionData
[2022-04-12 12:43:48Z INFO GitHubActionsService] Finished operation Location.GetConnectionData
[2022-04-12 12:43:48Z INFO MessageListener] Sleeping for 25.893 seconds before retrying.
[2022-04-12 12:44:14Z INFO MessageListener] No message retrieved from session 'c641b3e9-fbd6-4430-bbe1-769667962ce3' within last 30 minutes.
[2022-04-12 12:45:04Z INFO Terminal] WRITE LINE: 2022-04-12 12:45:04Z: Runner reconnected.
